#
# There is insufficient memory for the Java Runtime Environment to continue.
# Native memory allocation (malloc) failed to allocate 87376 bytes for Chunk::new
# Possible reasons:
#   The system is out of physical RAM or swap space
#   The process is running with CompressedOops enabled, and the Java Heap may be blocking the growth of the native heap
# Possible solutions:
#   Reduce memory load on the system
#   Increase physical memory or swap space
#   Check if swap backing store is full
#   Decrease Java heap size (-Xmx/-Xms)
#   Decrease number of Java threads
#   Decrease Java thread stack sizes (-Xss)
#   Set larger code cache with -XX:ReservedCodeCacheSize=
#   JVM is running with Unscaled Compressed Oops mode in which the Java heap is
#     placed in the first 4GB address space. The Java Heap base address is the
#     maximum limit for the native heap growth. Please use -XX:HeapBaseMinAddress
#     to set the Java Heap base and to place the Java Heap above 4GB virtual address.
# This output file may be truncated or incomplete.
#
#  Out of Memory Error (./src/hotspot/share/memory/arena.cpp:197), pid=30464, tid=59692
#
# JRE version: OpenJDK Runtime Environment (11.0.8+10) (build 11.0.8+10-b944.6842174)
# Java VM: OpenJDK 64-Bit Server VM (11.0.8+10-b944.6842174, mixed mode, tiered, compressed oops, g1 gc, windows-amd64)
# No core dump will be written. Minidumps are not enabled by default on client versions of Windows
#

---------------  S U M M A R Y ------------

Command Line: --add-opens=java.base/java.util=ALL-UNNAMED --add-opens=java.base/java.lang=ALL-UNNAMED --add-opens=java.base/java.lang.invoke=ALL-UNNAMED --add-opens=java.prefs/java.util.prefs=ALL-UNNAMED -Xmx2048m -Dfile.encoding=UTF-8 -Duser.country=US -Duser.language=en -Duser.variant org.gradle.launcher.daemon.bootstrap.GradleDaemon 6.5

Host: Intel(R) Core(TM) i5-9300H CPU @ 2.40GHz, 8 cores, 7G,  Windows 10 , 64 bit Build 18362 (10.0.18362.1350)
Time: Thu Dec 30 15:34:08 2021 India Standard Time elapsed time: 6 seconds (0d 0h 0m 6s)

---------------  T H R E A D  ---------------

Current thread (0x00000277e6abb800):  JavaThread "C2 CompilerThread0" daemon [_thread_in_native, id=59692, stack(0x000000b19b300000,0x000000b19b400000)]


Current CompileTask:
C2:   6275 3651       4       java.util.WeakHashMap$HashIterator::hasNext (95 bytes)

Stack: [0x000000b19b300000,0x000000b19b400000]
Native frames: (J=compiled Java code, j=interpreted, Vv=VM code, C=native code)
V  [jvm.dll+0x5de50a]
V  [jvm.dll+0x7122f5]
V  [jvm.dll+0x71384d]
V  [jvm.dll+0x713f03]
V  [jvm.dll+0x23e728]
V  [jvm.dll+0xb899c]
V  [jvm.dll+0xb8e9c]
V  [jvm.dll+0x35024d]
V  [jvm.dll+0x31dea3]
V  [jvm.dll+0x31d39a]
V  [jvm.dll+0x1f7702]
V  [jvm.dll+0x1f68d4]
V  [jvm.dll+0x17f32c]
V  [jvm.dll+0x205047]
V  [jvm.dll+0x203891]
V  [jvm.dll+0x6dad3f]
V  [jvm.dll+0x6d3895]
V  [jvm.dll+0x5dd4a6]
C  [ucrtbase.dll+0x210b2]
C  [KERNEL32.DLL+0x17c24]
C  [ntdll.dll+0x6d721]


---------------  P R O C E S S  ---------------

Threads class SMR info:
_java_thread_list=0x00000277eccf8170, length=50, elements={
0x00000277cbf2d000, 0x00000277e6246800, 0x00000277e624e000, 0x00000277e6ab8800,
0x00000277e6ab9800, 0x00000277e6abb800, 0x00000277e6ac2800, 0x00000277e6ac6800,
0x00000277e6c3e800, 0x00000277e6c58800, 0x00000277e904f800, 0x00000277e6de5000,
0x00000277e7f26000, 0x00000277e8188000, 0x00000277e8189000, 0x00000277e904b800,
0x00000277e7d2d800, 0x00000277e8fb7800, 0x00000277e811d800, 0x00000277e80ad000,
0x00000277e8c8e000, 0x00000277e8c8a000, 0x00000277e8c8a800, 0x00000277e8c89000,
0x00000277e8c88800, 0x00000277e8c8f000, 0x00000277e8c8b800, 0x00000277e8c8d000,
0x00000277e8c8c800, 0x00000277e97b0000, 0x00000277e97ae000, 0x00000277e97ab800,
0x00000277e97ac000, 0x00000277e97ad000, 0x00000277e97aa800, 0x00000277e97b2800,
0x00000277e97b3800, 0x00000277e97b4800, 0x00000277e97b1000, 0x00000277e97b2000,
0x00000277e97ae800, 0x00000277e97b5000, 0x00000277e97af800, 0x00000277e97b7000,
0x00000277e97b8800, 0x00000277e97b7800, 0x00000277e97b6000, 0x00000277e97b9000,
0x00000277e8a09800, 0x00000277e8a0b000
}

Java Threads: ( => current thread )
  0x00000277cbf2d000 JavaThread "main" [_thread_blocked, id=62604, stack(0x000000b19a800000,0x000000b19a900000)]
  0x00000277e6246800 JavaThread "Reference Handler" daemon [_thread_blocked, id=64772, stack(0x000000b19af00000,0x000000b19b000000)]
  0x00000277e624e000 JavaThread "Finalizer" daemon [_thread_blocked, id=66048, stack(0x000000b19b000000,0x000000b19b100000)]
  0x00000277e6ab8800 JavaThread "Signal Dispatcher" daemon [_thread_blocked, id=56620, stack(0x000000b19b100000,0x000000b19b200000)]
  0x00000277e6ab9800 JavaThread "Attach Listener" daemon [_thread_blocked, id=60888, stack(0x000000b19b200000,0x000000b19b300000)]
=>0x00000277e6abb800 JavaThread "C2 CompilerThread0" daemon [_thread_in_native, id=59692, stack(0x000000b19b300000,0x000000b19b400000)]
  0x00000277e6ac2800 JavaThread "C1 CompilerThread0" daemon [_thread_blocked, id=35956, stack(0x000000b19b400000,0x000000b19b500000)]
  0x00000277e6ac6800 JavaThread "Sweeper thread" daemon [_thread_blocked, id=23864, stack(0x000000b19b500000,0x000000b19b600000)]
  0x00000277e6c3e800 JavaThread "Common-Cleaner" daemon [_thread_blocked, id=60348, stack(0x000000b19b600000,0x000000b19b700000)]
  0x00000277e6c58800 JavaThread "Service Thread" daemon [_thread_blocked, id=62908, stack(0x000000b19b700000,0x000000b19b800000)]
  0x00000277e904f800 JavaThread "Daemon health stats" [_thread_blocked, id=63288, stack(0x000000b19bd00000,0x000000b19be00000)]
  0x00000277e6de5000 JavaThread "Incoming local TCP Connector on port 50603" [_thread_in_native, id=13424, stack(0x000000b19be00000,0x000000b19bf00000)]
  0x00000277e7f26000 JavaThread "Daemon periodic checks" [_thread_blocked, id=63540, stack(0x000000b19bf00000,0x000000b19c000000)]
  0x00000277e8188000 JavaThread "Daemon" [_thread_blocked, id=51808, stack(0x000000b19c000000,0x000000b19c100000)]
  0x00000277e8189000 JavaThread "Handler for socket connection from /127.0.0.1:50603 to /127.0.0.1:50604" [_thread_in_native, id=41720, stack(0x000000b19c100000,0x000000b19c200000)]
  0x00000277e904b800 JavaThread "Cancel handler" [_thread_blocked, id=59452, stack(0x000000b19c200000,0x000000b19c300000)]
  0x00000277e7d2d800 JavaThread "Daemon worker" [_thread_in_native, id=55668, stack(0x000000b19c300000,0x000000b19c400000)]
  0x00000277e8fb7800 JavaThread "Asynchronous log dispatcher for DefaultDaemonConnection: socket connection from /127.0.0.1:50603 to /127.0.0.1:50604" [_thread_blocked, id=45884, stack(0x000000b19c400000,0x000000b19c500000)]
  0x00000277e811d800 JavaThread "Stdin handler" [_thread_blocked, id=56456, stack(0x000000b19c500000,0x000000b19c600000)]
  0x00000277e80ad000 JavaThread "Thread-8" [_thread_blocked, id=44116, stack(0x000000b19c600000,0x000000b19c700000)]
  0x00000277e8c8e000 JavaThread "Cache worker for journal cache (C:\Users\harsh\AndroidStudioProjects\FirstMultiScreen2\caches\journal-1)" [_thread_blocked, id=66204, stack(0x000000b19cc00000,0x000000b19cd00000)]
  0x00000277e8c8a000 JavaThread "File lock request listener" [_thread_in_native, id=35864, stack(0x000000b19cd00000,0x000000b19ce00000)]
  0x00000277e8c8a800 JavaThread "Cache worker for file hash cache (C:\Users\harsh\AndroidStudioProjects\FirstMultiScreen2\caches\6.5\fileHashes)" [_thread_blocked, id=61656, stack(0x000000b19ce00000,0x000000b19cf00000)]
  0x00000277e8c89000 JavaThread "Cache worker for file hash cache (C:\Users\harsh\Downloads\android-basics-kotlin-words-app-activities\android-basics-kotlin-words-app-activities\.gradle\6.5\fileHashes)" [_thread_blocked, id=56728, stack(0x000000b19d100000,0x000000b19d200000)]
  0x00000277e8c88800 JavaThread "jar transforms" [_thread_blocked, id=50064, stack(0x000000b19d200000,0x000000b19d300000)]
  0x00000277e8c8f000 JavaThread "jar transforms Thread 2" [_thread_blocked, id=64672, stack(0x000000b19d300000,0x000000b19d400000)]
  0x00000277e8c8b800 JavaThread "jar transforms Thread 3" [_thread_blocked, id=51048, stack(0x000000b19d400000,0x000000b19d500000)]
  0x00000277e8c8d000 JavaThread "jar transforms Thread 4" [_thread_blocked, id=66752, stack(0x000000b19d500000,0x000000b19d600000)]
  0x00000277e8c8c800 JavaThread "jar transforms Thread 5" [_thread_blocked, id=48668, stack(0x000000b19d600000,0x000000b19d700000)]
  0x00000277e97b0000 JavaThread "jar transforms Thread 6" [_thread_blocked, id=60580, stack(0x000000b19d700000,0x000000b19d800000)]
  0x00000277e97ae000 JavaThread "jar transforms Thread 7" [_thread_blocked, id=62156, stack(0x000000b19d800000,0x000000b19d900000)]
  0x00000277e97ab800 JavaThread "jar transforms Thread 8" [_thread_blocked, id=66228, stack(0x000000b19d900000,0x000000b19da00000)]
  0x00000277e97ac000 JavaThread "jar transforms Thread 9" [_thread_blocked, id=65656, stack(0x000000b19da00000,0x000000b19db00000)]
  0x00000277e97ad000 JavaThread "jar transforms Thread 10" [_thread_blocked, id=54428, stack(0x000000b19db00000,0x000000b19dc00000)]
  0x00000277e97aa800 JavaThread "jar transforms Thread 11" [_thread_blocked, id=59720, stack(0x000000b19dc00000,0x000000b19dd00000)]
  0x00000277e97b2800 JavaThread "jar transforms Thread 12" [_thread_blocked, id=65696, stack(0x000000b19dd00000,0x000000b19de00000)]
  0x00000277e97b3800 JavaThread "jar transforms Thread 13" [_thread_blocked, id=66744, stack(0x000000b19de00000,0x000000b19df00000)]
  0x00000277e97b4800 JavaThread "jar transforms Thread 14" [_thread_blocked, id=12772, stack(0x000000b19df00000,0x000000b19e000000)]
  0x00000277e97b1000 JavaThread "jar transforms Thread 15" [_thread_blocked, id=66384, stack(0x000000b19e000000,0x000000b19e100000)]
  0x00000277e97b2000 JavaThread "jar transforms Thread 16" [_thread_blocked, id=67464, stack(0x000000b19e100000,0x000000b19e200000)]
  0x00000277e97ae800 JavaThread "jar transforms Thread 17" [_thread_blocked, id=65352, stack(0x000000b19e200000,0x000000b19e300000)]
  0x00000277e97b5000 JavaThread "jar transforms Thread 18" [_thread_blocked, id=50432, stack(0x000000b19e300000,0x000000b19e400000)]
  0x00000277e97af800 JavaThread "jar transforms Thread 19" [_thread_blocked, id=56056, stack(0x000000b19e400000,0x000000b19e500000)]
  0x00000277e97b7000 JavaThread "jar transforms Thread 20" [_thread_blocked, id=49760, stack(0x000000b19e500000,0x000000b19e600000)]
  0x00000277e97b8800 JavaThread "jar transforms Thread 21" [_thread_blocked, id=47584, stack(0x000000b19e600000,0x000000b19e700000)]
  0x00000277e97b7800 JavaThread "Cache worker for checksums cache (C:\Users\harsh\Downloads\android-basics-kotlin-words-app-activities\android-basics-kotlin-words-app-activities\.gradle\checksums)" [_thread_blocked, id=57360, stack(0x000000b19e700000,0x000000b19e800000)]
  0x00000277e97b6000 JavaThread "Cache worker for cache directory md-supplier (C:\Users\harsh\AndroidStudioProjects\FirstMultiScreen2\caches\6.5\md-supplier)" [_thread_blocked, id=52408, stack(0x000000b19e800000,0x000000b19e900000)]
  0x00000277e97b9000 JavaThread "Cache worker for cache directory md-rule (C:\Users\harsh\AndroidStudioProjects\FirstMultiScreen2\caches\6.5\md-rule)" [_thread_blocked, id=59044, stack(0x000000b19e900000,0x000000b19ea00000)]
  0x00000277e8a09800 JavaThread "Cache worker for execution history cache (C:\Users\harsh\AndroidStudioProjects\FirstMultiScreen2\caches\6.5\executionHistory)" [_thread_blocked, id=63792, stack(0x000000b19ea00000,0x000000b19eb00000)]
  0x00000277e8a0b000 JavaThread "Cache worker for file content cache (C:\Users\harsh\AndroidStudioProjects\FirstMultiScreen2\caches\6.5\fileContent)" [_thread_blocked, id=52240, stack(0x000000b19eb00000,0x000000b19ec00000)]

Other Threads:
  0x00000277e6a76800 VMThread "VM Thread" [stack: 0x000000b19ae00000,0x000000b19af00000] [id=55476]
  0x00000277e6cb3000 WatcherThread [stack: 0x000000b19b800000,0x000000b19b900000] [id=26408]
  0x00000277cbf45800 GCTaskThread "GC Thread#0" [stack: 0x000000b19a900000,0x000000b19aa00000] [id=61488]
  0x00000277e7023000 GCTaskThread "GC Thread#1" [stack: 0x000000b19ba00000,0x000000b19bb00000] [id=49636]
  0x00000277e779e800 GCTaskThread "GC Thread#2" [stack: 0x000000b19bb00000,0x000000b19bc00000] [id=61756]
  0x00000277e8d5a000 GCTaskThread "GC Thread#3" [stack: 0x000000b19c700000,0x000000b19c800000] [id=57948]
  0x00000277e8fab000 GCTaskThread "GC Thread#4" [stack: 0x000000b19c800000,0x000000b19c900000] [id=48076]
  0x00000277e7ac9800 GCTaskThread "GC Thread#5" [stack: 0x000000b19c900000,0x000000b19ca00000] [id=65244]
  0x00000277e8f3b000 GCTaskThread "GC Thread#6" [stack: 0x000000b19ca00000,0x000000b19cb00000] [id=28564]
  0x00000277e811e000 GCTaskThread "GC Thread#7" [stack: 0x000000b19cb00000,0x000000b19cc00000] [id=24620]
  0x00000277cbf75800 ConcurrentGCThread "G1 Main Marker" [stack: 0x000000b19aa00000,0x000000b19ab00000] [id=59624]
  0x00000277cbf79000 ConcurrentGCThread "G1 Conc#0" [stack: 0x000000b19ab00000,0x000000b19ac00000] [id=61776]
  0x00000277e92dd800 ConcurrentGCThread "G1 Conc#1" [stack: 0x000000b19cf00000,0x000000b19d000000] [id=66452]
  0x00000277e60a3800 ConcurrentGCThread "G1 Refine#0" [stack: 0x000000b19ac00000,0x000000b19ad00000] [id=53320]
  0x00000277e60a4000 ConcurrentGCThread "G1 Young RemSet Sampling" [stack: 0x000000b19ad00000,0x000000b19ae00000] [id=61352]

Threads with active compile tasks:
C2 CompilerThread0   6326 3651       4       java.util.WeakHashMap$HashIterator::hasNext (95 bytes)

VM state:not at safepoint (normal execution)

VM Mutex/Monitor currently owned by a thread: None

OutOfMemory and StackOverflow Exception counts:
OutOfMemoryError java_heap_errors=1
LinkageErrors=100

Heap address: 0x0000000080000000, size: 2048 MB, Compressed Oops mode: 32-bit
Narrow klass base: 0x0000000000000000, Narrow klass shift: 3
Compressed class space size: 1073741824 Address: 0x0000000100000000

Heap:
 garbage-first heap   total 155648K, used 91596K [0x0000000080000000, 0x0000000100000000)
  region size 1024K, 22 young (22528K), 6 survivors (6144K)
 Metaspace       used 43039K, capacity 44013K, committed 44280K, reserved 1087488K
  class space    used 5348K, capacity 5688K, committed 5708K, reserved 1048576K
Heap Regions: E=young(eden), S=young(survivor), O=old, HS=humongous(starts), HC=humongous(continues), CS=collection set, F=free, A=archive, TAMS=top-at-mark-start (previous, next)
|   0|0x0000000080000000, 0x0000000080100000, 0x0000000080100000|100%| O|  |TAMS 0x0000000080100000, 0x0000000080000000| Untracked 
|   1|0x0000000080100000, 0x0000000080200000, 0x0000000080200000|100%| O|  |TAMS 0x0000000080200000, 0x0000000080100000| Untracked 
|   2|0x0000000080200000, 0x0000000080300000, 0x0000000080300000|100%| O|  |TAMS 0x0000000080300000, 0x0000000080200000| Untracked 
|   3|0x0000000080300000, 0x0000000080400000, 0x0000000080400000|100%|HS|  |TAMS 0x0000000080400000, 0x0000000080300000| Complete 
|   4|0x0000000080400000, 0x0000000080500000, 0x0000000080500000|100%|HC|  |TAMS 0x0000000080500000, 0x0000000080400000| Complete 
|   5|0x0000000080500000, 0x0000000080600000, 0x0000000080600000|100%|HC|  |TAMS 0x0000000080600000, 0x0000000080500000| Complete 
|   6|0x0000000080600000, 0x0000000080700000, 0x0000000080700000|100%| O|  |TAMS 0x0000000080700000, 0x0000000080600000| Untracked 
|   7|0x0000000080700000, 0x0000000080800000, 0x0000000080800000|100%| O|  |TAMS 0x0000000080800000, 0x0000000080700000| Untracked 
|   8|0x0000000080800000, 0x0000000080900000, 0x0000000080900000|100%| O|  |TAMS 0x0000000080900000, 0x0000000080800000| Untracked 
|   9|0x0000000080900000, 0x0000000080a00000, 0x0000000080a00000|100%| O|  |TAMS 0x0000000080a00000, 0x0000000080900000| Untracked 
|  10|0x0000000080a00000, 0x0000000080b00000, 0x0000000080b00000|100%| O|  |TAMS 0x0000000080b00000, 0x0000000080a00000| Untracked 
|  11|0x0000000080b00000, 0x0000000080c00000, 0x0000000080c00000|100%| O|  |TAMS 0x0000000080c00000, 0x0000000080b00000| Untracked 
|  12|0x0000000080c00000, 0x0000000080d00000, 0x0000000080d00000|100%| O|  |TAMS 0x0000000080d00000, 0x0000000080c00000| Untracked 
|  13|0x0000000080d00000, 0x0000000080e00000, 0x0000000080e00000|100%| O|  |TAMS 0x0000000080e00000, 0x0000000080d00000| Untracked 
|  14|0x0000000080e00000, 0x0000000080f00000, 0x0000000080f00000|100%| O|  |TAMS 0x0000000080f00000, 0x0000000080e00000| Untracked 
|  15|0x0000000080f00000, 0x0000000081000000, 0x0000000081000000|100%| O|  |TAMS 0x0000000081000000, 0x0000000080f00000| Untracked 
|  16|0x0000000081000000, 0x0000000081100000, 0x0000000081100000|100%|HS|  |TAMS 0x0000000081100000, 0x0000000081000000| Complete 
|  17|0x0000000081100000, 0x0000000081200000, 0x0000000081200000|100%|HC|  |TAMS 0x0000000081200000, 0x0000000081100000| Complete 
|  18|0x0000000081200000, 0x0000000081300000, 0x0000000081300000|100%|HS|  |TAMS 0x0000000081300000, 0x0000000081200000| Complete 
|  19|0x0000000081300000, 0x0000000081400000, 0x0000000081400000|100%|HC|  |TAMS 0x0000000081400000, 0x0000000081300000| Complete 
|  20|0x0000000081400000, 0x0000000081500000, 0x0000000081500000|100%|HC|  |TAMS 0x0000000081500000, 0x0000000081400000| Complete 
|  21|0x0000000081500000, 0x0000000081600000, 0x0000000081600000|100%|HS|  |TAMS 0x0000000081600000, 0x0000000081500000| Complete 
|  22|0x0000000081600000, 0x0000000081700000, 0x0000000081700000|100%|HC|  |TAMS 0x0000000081700000, 0x0000000081600000| Complete 
|  23|0x0000000081700000, 0x0000000081800000, 0x0000000081800000|100%|HC|  |TAMS 0x0000000081800000, 0x0000000081700000| Complete 
|  24|0x0000000081800000, 0x0000000081900000, 0x0000000081900000|100%|HC|  |TAMS 0x0000000081900000, 0x0000000081800000| Complete 
|  25|0x0000000081900000, 0x0000000081a00000, 0x0000000081a00000|100%| O|  |TAMS 0x0000000081a00000, 0x0000000081900000| Untracked 
|  26|0x0000000081a00000, 0x0000000081b00000, 0x0000000081b00000|100%| O|  |TAMS 0x0000000081b00000, 0x0000000081a00000| Untracked 
|  27|0x0000000081b00000, 0x0000000081c00000, 0x0000000081c00000|100%| O|  |TAMS 0x0000000081c00000, 0x0000000081b00000| Untracked 
|  28|0x0000000081c00000, 0x0000000081d00000, 0x0000000081d00000|100%| O|  |TAMS 0x0000000081d00000, 0x0000000081c00000| Untracked 
|  29|0x0000000081d00000, 0x0000000081e00000, 0x0000000081e00000|100%| O|  |TAMS 0x0000000081e00000, 0x0000000081d00000| Untracked 
|  30|0x0000000081e00000, 0x0000000081f00000, 0x0000000081f00000|100%| O|  |TAMS 0x0000000081f00000, 0x0000000081e00000| Untracked 
|  31|0x0000000081f00000, 0x0000000082000000, 0x0000000082000000|100%| O|  |TAMS 0x0000000081fc2e00, 0x0000000081f00000| Untracked 
|  32|0x0000000082000000, 0x0000000082100000, 0x0000000082100000|100%| O|  |TAMS 0x0000000082000000, 0x0000000082000000| Untracked 
|  33|0x0000000082100000, 0x0000000082200000, 0x0000000082200000|100%| O|  |TAMS 0x0000000082100000, 0x0000000082100000| Untracked 
|  34|0x0000000082200000, 0x0000000082300000, 0x0000000082300000|100%| O|  |TAMS 0x0000000082200000, 0x0000000082200000| Untracked 
|  35|0x0000000082300000, 0x0000000082400000, 0x0000000082400000|100%| O|  |TAMS 0x0000000082300000, 0x0000000082300000| Untracked 
|  36|0x0000000082400000, 0x0000000082500000, 0x0000000082500000|100%| O|  |TAMS 0x0000000082400000, 0x0000000082400000| Untracked 
|  37|0x0000000082500000, 0x0000000082600000, 0x0000000082600000|100%| O|  |TAMS 0x0000000082500000, 0x0000000082500000| Untracked 
|  38|0x0000000082600000, 0x0000000082700000, 0x0000000082700000|100%| O|  |TAMS 0x0000000082600000, 0x0000000082600000| Untracked 
|  39|0x0000000082700000, 0x0000000082800000, 0x0000000082800000|100%| O|  |TAMS 0x0000000082700000, 0x0000000082700000| Untracked 
|  40|0x0000000082800000, 0x0000000082900000, 0x0000000082900000|100%| O|  |TAMS 0x0000000082800000, 0x0000000082800000| Untracked 
|  41|0x0000000082900000, 0x0000000082a00000, 0x0000000082a00000|100%| O|  |TAMS 0x0000000082900000, 0x0000000082900000| Untracked 
|  42|0x0000000082a00000, 0x0000000082b00000, 0x0000000082b00000|100%| O|  |TAMS 0x0000000082a00000, 0x0000000082a00000| Untracked 
|  43|0x0000000082b00000, 0x0000000082c00000, 0x0000000082c00000|100%| O|  |TAMS 0x0000000082b00000, 0x0000000082b00000| Untracked 
|  44|0x0000000082c00000, 0x0000000082d00000, 0x0000000082d00000|100%| O|  |TAMS 0x0000000082c00000, 0x0000000082c00000| Untracked 
|  45|0x0000000082d00000, 0x0000000082e00000, 0x0000000082e00000|100%| O|  |TAMS 0x0000000082d00000, 0x0000000082d00000| Untracked 
|  46|0x0000000082e00000, 0x0000000082f00000, 0x0000000082f00000|100%| O|  |TAMS 0x0000000082e00000, 0x0000000082e00000| Untracked 
|  47|0x0000000082f00000, 0x0000000083000000, 0x0000000083000000|100%| O|  |TAMS 0x0000000082f00000, 0x0000000082f00000| Untracked 
|  48|0x0000000083000000, 0x0000000083100000, 0x0000000083100000|100%| O|  |TAMS 0x0000000083000000, 0x0000000083000000| Untracked 
|  49|0x0000000083100000, 0x0000000083200000, 0x0000000083200000|100%| O|  |TAMS 0x0000000083100000, 0x0000000083100000| Untracked 
|  50|0x0000000083200000, 0x0000000083300000, 0x0000000083300000|100%| O|  |TAMS 0x0000000083200000, 0x0000000083200000| Untracked 
|  51|0x0000000083300000, 0x0000000083400000, 0x0000000083400000|100%| O|  |TAMS 0x0000000083300000, 0x0000000083300000| Untracked 
|  52|0x0000000083400000, 0x0000000083500000, 0x0000000083500000|100%| O|  |TAMS 0x0000000083400000, 0x0000000083400000| Untracked 
|  53|0x0000000083500000, 0x0000000083600000, 0x0000000083600000|100%| O|  |TAMS 0x0000000083500000, 0x0000000083500000| Untracked 
|  54|0x0000000083600000, 0x0000000083700000, 0x0000000083700000|100%| O|  |TAMS 0x0000000083600000, 0x0000000083600000| Untracked 
|  55|0x0000000083700000, 0x0000000083800000, 0x0000000083800000|100%| O|  |TAMS 0x0000000083700000, 0x0000000083700000| Untracked 
|  56|0x0000000083800000, 0x0000000083900000, 0x0000000083900000|100%| O|  |TAMS 0x0000000083800000, 0x0000000083800000| Untracked 
|  57|0x0000000083900000, 0x0000000083a00000, 0x0000000083a00000|100%| O|  |TAMS 0x0000000083900000, 0x0000000083900000| Untracked 
|  58|0x0000000083a00000, 0x0000000083b00000, 0x0000000083b00000|100%| O|  |TAMS 0x0000000083a00000, 0x0000000083a00000| Untracked 
|  59|0x0000000083b00000, 0x0000000083c00000, 0x0000000083c00000|100%| O|  |TAMS 0x0000000083b00000, 0x0000000083b00000| Untracked 
|  60|0x0000000083c00000, 0x0000000083d00000, 0x0000000083d00000|100%| O|  |TAMS 0x0000000083c00000, 0x0000000083c00000| Untracked 
|  61|0x0000000083d00000, 0x0000000083e00000, 0x0000000083e00000|100%| O|  |TAMS 0x0000000083d00000, 0x0000000083d00000| Untracked 
|  62|0x0000000083e00000, 0x0000000083f00000, 0x0000000083f00000|100%| O|  |TAMS 0x0000000083e00000, 0x0000000083e00000| Untracked 
|  63|0x0000000083f00000, 0x0000000084000000, 0x0000000084000000|100%| O|  |TAMS 0x0000000083f00000, 0x0000000083f00000| Untracked 
|  64|0x0000000084000000, 0x0000000084100000, 0x0000000084100000|100%| O|  |TAMS 0x0000000084000000, 0x0000000084000000| Untracked 
|  65|0x0000000084100000, 0x0000000084200000, 0x0000000084200000|100%| O|  |TAMS 0x0000000084100000, 0x0000000084100000| Untracked 
|  66|0x0000000084200000, 0x0000000084300000, 0x0000000084300000|100%| O|  |TAMS 0x0000000084200000, 0x0000000084200000| Untracked 
|  67|0x0000000084300000, 0x0000000084400000, 0x0000000084400000|100%| O|  |TAMS 0x0000000084300000, 0x0000000084300000| Untracked 
|  68|0x0000000084400000, 0x0000000084473000, 0x0000000084500000| 44%| O|  |TAMS 0x0000000084400000, 0x0000000084400000| Untracked 
|  69|0x0000000084500000, 0x0000000084500000, 0x0000000084600000|  0%| F|  |TAMS 0x0000000084500000, 0x0000000084500000| Untracked 
|  70|0x0000000084600000, 0x0000000084600000, 0x0000000084700000|  0%| F|  |TAMS 0x0000000084600000, 0x0000000084600000| Untracked 
|  71|0x0000000084700000, 0x0000000084700000, 0x0000000084800000|  0%| F|  |TAMS 0x0000000084700000, 0x0000000084700000| Untracked 
|  72|0x0000000084800000, 0x0000000084800000, 0x0000000084900000|  0%| F|  |TAMS 0x0000000084800000, 0x0000000084800000| Untracked 
|  73|0x0000000084900000, 0x0000000084900000, 0x0000000084a00000|  0%| F|  |TAMS 0x0000000084900000, 0x0000000084900000| Untracked 
|  74|0x0000000084a00000, 0x0000000084a00000, 0x0000000084b00000|  0%| F|  |TAMS 0x0000000084a00000, 0x0000000084a00000| Untracked 
|  75|0x0000000084b00000, 0x0000000084b00000, 0x0000000084c00000|  0%| F|  |TAMS 0x0000000084b00000, 0x0000000084b00000| Untracked 
|  76|0x0000000084c00000, 0x0000000084c00000, 0x0000000084d00000|  0%| F|  |TAMS 0x0000000084c00000, 0x0000000084c00000| Untracked 
|  77|0x0000000084d00000, 0x0000000084d00000, 0x0000000084e00000|  0%| F|  |TAMS 0x0000000084d00000, 0x0000000084d00000| Untracked 
|  78|0x0000000084e00000, 0x0000000084e00000, 0x0000000084f00000|  0%| F|  |TAMS 0x0000000084e00000, 0x0000000084e00000| Untracked 
|  79|0x0000000084f00000, 0x0000000084f00000, 0x0000000085000000|  0%| F|  |TAMS 0x0000000084f00000, 0x0000000084f00000| Untracked 
|  80|0x0000000085000000, 0x0000000085000000, 0x0000000085100000|  0%| F|  |TAMS 0x0000000085000000, 0x0000000085000000| Untracked 
|  81|0x0000000085100000, 0x0000000085100000, 0x0000000085200000|  0%| F|  |TAMS 0x0000000085100000, 0x0000000085100000| Untracked 
|  82|0x0000000085200000, 0x0000000085200000, 0x0000000085300000|  0%| F|  |TAMS 0x0000000085200000, 0x0000000085200000| Untracked 
|  83|0x0000000085300000, 0x0000000085300000, 0x0000000085400000|  0%| F|  |TAMS 0x0000000085300000, 0x0000000085300000| Untracked 
|  84|0x0000000085400000, 0x0000000085400000, 0x0000000085500000|  0%| F|  |TAMS 0x0000000085400000, 0x0000000085400000| Untracked 
|  85|0x0000000085500000, 0x0000000085500000, 0x0000000085600000|  0%| F|  |TAMS 0x0000000085500000, 0x0000000085500000| Untracked 
|  86|0x0000000085600000, 0x0000000085600000, 0x0000000085700000|  0%| F|  |TAMS 0x0000000085600000, 0x0000000085600000| Untracked 
|  87|0x0000000085700000, 0x0000000085700000, 0x0000000085800000|  0%| F|  |TAMS 0x0000000085700000, 0x0000000085700000| Untracked 
|  88|0x0000000085800000, 0x0000000085800000, 0x0000000085900000|  0%| F|  |TAMS 0x0000000085800000, 0x0000000085800000| Untracked 
|  89|0x0000000085900000, 0x0000000085900000, 0x0000000085a00000|  0%| F|  |TAMS 0x0000000085900000, 0x0000000085900000| Untracked 
|  90|0x0000000085a00000, 0x0000000085a00000, 0x0000000085b00000|  0%| F|  |TAMS 0x0000000085a00000, 0x0000000085a00000| Untracked 
|  91|0x0000000085b00000, 0x0000000085b00000, 0x0000000085c00000|  0%| F|  |TAMS 0x0000000085b00000, 0x0000000085b00000| Untracked 
|  92|0x0000000085c00000, 0x0000000085c00000, 0x0000000085d00000|  0%| F|  |TAMS 0x0000000085c00000, 0x0000000085c00000| Untracked 
|  93|0x0000000085d00000, 0x0000000085d00000, 0x0000000085e00000|  0%| F|  |TAMS 0x0000000085d00000, 0x0000000085d00000| Untracked 
|  94|0x0000000085e00000, 0x0000000085e00000, 0x0000000085f00000|  0%| F|  |TAMS 0x0000000085e00000, 0x0000000085e00000| Untracked 
|  95|0x0000000085f00000, 0x0000000085f00000, 0x0000000086000000|  0%| F|  |TAMS 0x0000000085f00000, 0x0000000085f00000| Untracked 
|  96|0x0000000086000000, 0x0000000086000000, 0x0000000086100000|  0%| F|  |TAMS 0x0000000086000000, 0x0000000086000000| Untracked 
|  97|0x0000000086100000, 0x0000000086100000, 0x0000000086200000|  0%| F|  |TAMS 0x0000000086100000, 0x0000000086100000| Untracked 
|  98|0x0000000086200000, 0x0000000086200000, 0x0000000086300000|  0%| F|  |TAMS 0x0000000086200000, 0x0000000086200000| Untracked 
|  99|0x0000000086300000, 0x0000000086300000, 0x0000000086400000|  0%| F|  |TAMS 0x0000000086300000, 0x0000000086300000| Untracked 
| 100|0x0000000086400000, 0x0000000086400000, 0x0000000086500000|  0%| F|  |TAMS 0x0000000086400000, 0x0000000086400000| Untracked 
| 101|0x0000000086500000, 0x0000000086500000, 0x0000000086600000|  0%| F|  |TAMS 0x0000000086500000, 0x0000000086500000| Untracked 
| 102|0x0000000086600000, 0x0000000086700000, 0x0000000086700000|100%| S|CS|TAMS 0x0000000086600000, 0x0000000086600000| Complete 
| 103|0x0000000086700000, 0x0000000086800000, 0x0000000086800000|100%| S|CS|TAMS 0x0000000086700000, 0x0000000086700000| Complete 
| 104|0x0000000086800000, 0x0000000086800000, 0x0000000086900000|  0%| F|  |TAMS 0x0000000086800000, 0x0000000086800000| Untracked 
| 105|0x0000000086900000, 0x0000000086900000, 0x0000000086a00000|  0%| F|  |TAMS 0x0000000086900000, 0x0000000086900000| Untracked 
| 106|0x0000000086a00000, 0x0000000086a00000, 0x0000000086b00000|  0%| F|  |TAMS 0x0000000086a00000, 0x0000000086a00000| Untracked 
| 107|0x0000000086b00000, 0x0000000086b00000, 0x0000000086c00000|  0%| F|  |TAMS 0x0000000086b00000, 0x0000000086b00000| Untracked 
| 108|0x0000000086c00000, 0x0000000086c00000, 0x0000000086d00000|  0%| F|  |TAMS 0x0000000086c00000, 0x0000000086c00000| Untracked 
| 109|0x0000000086d00000, 0x0000000086d00000, 0x0000000086e00000|  0%| F|  |TAMS 0x0000000086d00000, 0x0000000086d00000| Untracked 
| 110|0x0000000086e00000, 0x0000000086f00000, 0x0000000086f00000|100%| S|CS|TAMS 0x0000000086e00000, 0x0000000086e00000| Complete 
| 111|0x0000000086f00000, 0x0000000087000000, 0x0000000087000000|100%| S|CS|TAMS 0x0000000086f00000, 0x0000000086f00000| Complete 
| 112|0x0000000087000000, 0x0000000087100000, 0x0000000087100000|100%| S|CS|TAMS 0x0000000087000000, 0x0000000087000000| Complete 
| 113|0x0000000087100000, 0x0000000087200000, 0x0000000087200000|100%| S|CS|TAMS 0x0000000087100000, 0x0000000087100000| Complete 
| 114|0x0000000087200000, 0x0000000087200000, 0x0000000087300000|  0%| F|  |TAMS 0x0000000087200000, 0x0000000087200000| Untracked 
| 115|0x0000000087300000, 0x0000000087300000, 0x0000000087400000|  0%| F|  |TAMS 0x0000000087300000, 0x0000000087300000| Untracked 
| 116|0x0000000087400000, 0x0000000087400000, 0x0000000087500000|  0%| F|  |TAMS 0x0000000087400000, 0x0000000087400000| Untracked 
| 117|0x0000000087500000, 0x0000000087500000, 0x0000000087600000|  0%| F|  |TAMS 0x0000000087500000, 0x0000000087500000| Untracked 
| 118|0x0000000087600000, 0x0000000087600000, 0x0000000087700000|  0%| F|  |TAMS 0x0000000087600000, 0x0000000087600000| Untracked 
| 119|0x0000000087700000, 0x0000000087700000, 0x0000000087800000|  0%| F|  |TAMS 0x0000000087700000, 0x0000000087700000| Untracked 
| 120|0x0000000087800000, 0x0000000087800000, 0x0000000087900000|  0%| F|  |TAMS 0x0000000087800000, 0x0000000087800000| Untracked 
| 121|0x0000000087900000, 0x0000000087900000, 0x0000000087a00000|  0%| F|  |TAMS 0x0000000087900000, 0x0000000087900000| Untracked 
| 122|0x0000000087a00000, 0x0000000087a00000, 0x0000000087b00000|  0%| F|  |TAMS 0x0000000087a00000, 0x0000000087a00000| Untracked 
| 123|0x0000000087b00000, 0x0000000087b00000, 0x0000000087c00000|  0%| F|  |TAMS 0x0000000087b00000, 0x0000000087b00000| Untracked 
| 124|0x0000000087c00000, 0x0000000087c00000, 0x0000000087d00000|  0%| F|  |TAMS 0x0000000087c00000, 0x0000000087c00000| Untracked 
| 125|0x0000000087d00000, 0x0000000087d00000, 0x0000000087e00000|  0%| F|  |TAMS 0x0000000087d00000, 0x0000000087d00000| Untracked 
| 126|0x0000000087e00000, 0x0000000087e00000, 0x0000000087f00000|  0%| F|  |TAMS 0x0000000087e00000, 0x0000000087e00000| Untracked 
| 127|0x0000000087f00000, 0x0000000087f00000, 0x0000000088000000|  0%| F|  |TAMS 0x0000000087f00000, 0x0000000087f00000| Untracked 
| 128|0x0000000088000000, 0x0000000088000000, 0x0000000088100000|  0%| F|  |TAMS 0x0000000088000000, 0x0000000088000000| Untracked 
| 129|0x0000000088100000, 0x0000000088100000, 0x0000000088200000|  0%| F|  |TAMS 0x0000000088100000, 0x0000000088100000| Untracked 
| 130|0x0000000088200000, 0x0000000088200000, 0x0000000088300000|  0%| F|  |TAMS 0x0000000088200000, 0x0000000088200000| Untracked 
| 131|0x0000000088300000, 0x0000000088300000, 0x0000000088400000|  0%| F|  |TAMS 0x0000000088300000, 0x0000000088300000| Untracked 
| 132|0x0000000088400000, 0x0000000088400000, 0x0000000088500000|  0%| F|  |TAMS 0x0000000088400000, 0x0000000088400000| Untracked 
| 133|0x0000000088500000, 0x0000000088500000, 0x0000000088600000|  0%| F|  |TAMS 0x0000000088500000, 0x0000000088500000| Untracked 
| 134|0x0000000088600000, 0x0000000088600000, 0x0000000088700000|  0%| F|  |TAMS 0x0000000088600000, 0x0000000088600000| Untracked 
| 135|0x0000000088700000, 0x0000000088700000, 0x0000000088800000|  0%| F|  |TAMS 0x0000000088700000, 0x0000000088700000| Untracked 
| 136|0x0000000088800000, 0x0000000088900000, 0x0000000088900000|100%| E|  |TAMS 0x0000000088800000, 0x0000000088800000| Complete 
| 137|0x0000000088900000, 0x0000000088a00000, 0x0000000088a00000|100%| E|CS|TAMS 0x0000000088900000, 0x0000000088900000| Complete 
| 138|0x0000000088a00000, 0x0000000088b00000, 0x0000000088b00000|100%| E|CS|TAMS 0x0000000088a00000, 0x0000000088a00000| Complete 
| 139|0x0000000088b00000, 0x0000000088c00000, 0x0000000088c00000|100%| E|CS|TAMS 0x0000000088b00000, 0x0000000088b00000| Complete 
| 140|0x0000000088c00000, 0x0000000088d00000, 0x0000000088d00000|100%| E|CS|TAMS 0x0000000088c00000, 0x0000000088c00000| Complete 
| 141|0x0000000088d00000, 0x0000000088e00000, 0x0000000088e00000|100%| E|CS|TAMS 0x0000000088d00000, 0x0000000088d00000| Complete 
| 142|0x0000000088e00000, 0x0000000088f00000, 0x0000000088f00000|100%| E|CS|TAMS 0x0000000088e00000, 0x0000000088e00000| Complete 
| 143|0x0000000088f00000, 0x0000000089000000, 0x0000000089000000|100%| E|CS|TAMS 0x0000000088f00000, 0x0000000088f00000| Complete 
| 144|0x0000000089000000, 0x0000000089100000, 0x0000000089100000|100%| E|CS|TAMS 0x0000000089000000, 0x0000000089000000| Complete 
| 145|0x0000000089100000, 0x0000000089200000, 0x0000000089200000|100%| E|CS|TAMS 0x0000000089100000, 0x0000000089100000| Complete 
| 146|0x0000000089200000, 0x0000000089300000, 0x0000000089300000|100%| E|CS|TAMS 0x0000000089200000, 0x0000000089200000| Complete 
| 147|0x0000000089300000, 0x0000000089400000, 0x0000000089400000|100%| E|CS|TAMS 0x0000000089300000, 0x0000000089300000| Complete 
| 148|0x0000000089400000, 0x0000000089500000, 0x0000000089500000|100%| E|CS|TAMS 0x0000000089400000, 0x0000000089400000| Complete 
| 149|0x0000000089500000, 0x0000000089600000, 0x0000000089600000|100%| E|CS|TAMS 0x0000000089500000, 0x0000000089500000| Complete 
| 150|0x0000000089600000, 0x0000000089700000, 0x0000000089700000|100%| E|CS|TAMS 0x0000000089600000, 0x0000000089600000| Complete 
| 151|0x0000000089700000, 0x0000000089800000, 0x0000000089800000|100%| E|CS|TAMS 0x0000000089700000, 0x0000000089700000| Complete 

Card table byte_map: [0x00000277defd0000,0x00000277df3d0000] _byte_map_base: 0x00000277debd0000

Marking Bits (Prev, Next): (CMBitMap*) 0x00000277cbf6cd88, (CMBitMap*) 0x00000277cbf6cdc0
 Prev Bits: [0x00000277df7d0000, 0x00000277e17d0000)
 Next Bits: [0x00000277e17d0000, 0x00000277e37d0000)

Polling page: 0x00000277c9db0000

Metaspace:

Usage:
  Non-class:     37.43 MB capacity,    36.81 MB ( 98%) used,   548.93 KB (  1%) free+waste,    84.94 KB ( <1%) overhead. 
      Class:      5.55 MB capacity,     5.22 MB ( 94%) used,   299.31 KB (  5%) free+waste,    40.38 KB ( <1%) overhead. 
       Both:     42.98 MB capacity,    42.03 MB ( 98%) used,   848.24 KB (  2%) free+waste,   125.31 KB ( <1%) overhead. 

Virtual space:
  Non-class space:       38.00 MB reserved,      37.67 MB (>99%) committed 
      Class space:        1.00 GB reserved,       5.57 MB ( <1%) committed 
             Both:        1.04 GB reserved,      43.24 MB (  4%) committed 

Chunk freelists:
   Non-Class:  55.00 KB
       Class:  8.00 KB
        Both:  63.00 KB

MaxMetaspaceSize: 17179869184.00 GB
CompressedClassSpaceSize: 1.00 GB

CodeHeap 'non-profiled nmethods': size=120000Kb used=1874Kb max_used=1874Kb free=118125Kb
 bounds [0x00000277d7370000, 0x00000277d75e0000, 0x00000277de8a0000]
CodeHeap 'profiled nmethods': size=120000Kb used=7123Kb max_used=7123Kb free=112877Kb
 bounds [0x00000277cfe40000, 0x00000277d0540000, 0x00000277d7370000]
CodeHeap 'non-nmethods': size=5760Kb used=2205Kb max_used=2240Kb free=3555Kb
 bounds [0x00000277cf8a0000, 0x00000277cfb10000, 0x00000277cfe40000]
 total_blobs=4195 nmethods=3414 adapters=692
 compilation: enabled
              stopped_count=0, restarted_count=0
 full_count=0

Compilation events (20 events):
Event: 6.064 Thread 0x00000277e6abb800 3643   !   4       jdk.internal.ref.PhantomCleanable::isListEmpty (34 bytes)
Event: 6.066 Thread 0x00000277e6abb800 nmethod 3643 0x00000277d7543190 code [0x00000277d7543320, 0x00000277d7543598]
Event: 6.076 Thread 0x00000277e9187000 nmethod 3642 0x00000277d7543690 code [0x00000277d7543880, 0x00000277d75441e0]
Event: 6.264 Thread 0x00000277e6ac2800 3644   !   3       java.util.zip.ZipFile$CleanableResource::run (251 bytes)
Event: 6.266 Thread 0x00000277e6ac2800 nmethod 3644 0x00000277d0532510 code [0x00000277d05327e0, 0x00000277d0533a58]
Event: 6.266 Thread 0x00000277e6ac2800 3646       3       java.util.WeakHashMap$HashIterator::hasNext (95 bytes)
Event: 6.267 Thread 0x00000277e6ac2800 nmethod 3646 0x00000277d0534210 code [0x00000277d0534400, 0x00000277d0534958]
Event: 6.267 Thread 0x00000277e6ac2800 3650       3       java.util.WeakHashMap::unmaskNull (13 bytes)
Event: 6.267 Thread 0x00000277e6ac2800 nmethod 3650 0x00000277d0534b10 code [0x00000277d0534cc0, 0x00000277d0534df8]
Event: 6.267 Thread 0x00000277e6ac2800 3647       3       java.util.WeakHashMap$KeyIterator::next (8 bytes)
Event: 6.267 Thread 0x00000277e6ac2800 nmethod 3647 0x00000277d0534e90 code [0x00000277d0535060, 0x00000277d05353e8]
Event: 6.267 Thread 0x00000277e6ac2800 3648       3       java.util.WeakHashMap$HashIterator::nextEntry (81 bytes)
Event: 6.267 Thread 0x00000277e6abb800 3651       4       java.util.WeakHashMap$HashIterator::hasNext (95 bytes)
Event: 6.267 Thread 0x00000277e6ac2800 nmethod 3648 0x00000277d0535510 code [0x00000277d0535720, 0x00000277d0535c88]
Event: 6.267 Thread 0x00000277e6ac2800 3649       3       java.util.WeakHashMap$Entry::getKey (8 bytes)
Event: 6.267 Thread 0x00000277e6ac2800 nmethod 3649 0x00000277d0535e10 code [0x00000277d0535fc0, 0x00000277d0536238]
Event: 6.267 Thread 0x00000277e6ac2800 3645       3       java.util.Collections$SetFromMap::isEmpty (10 bytes)
Event: 6.267 Thread 0x00000277e6ac2800 nmethod 3645 0x00000277d0536310 code [0x00000277d05364c0, 0x00000277d0536688]
Event: 6.268 Thread 0x00000277e6ac2800 3653   !   3       java.util.zip.Inflater::end (37 bytes)
Event: 6.268 Thread 0x00000277e6ac2800 nmethod 3653 0x00000277d0536790 code [0x00000277d0536960, 0x00000277d0536dc8]

GC Heap History (20 events):
Event: 2.952 GC heap before
{Heap before GC invocations=2 (full 0):
 garbage-first heap   total 129024K, used 23567K [0x0000000080000000, 0x0000000100000000)
  region size 1024K, 19 young (19456K), 10 survivors (10240K)
 Metaspace       used 20651K, capacity 21059K, committed 21248K, reserved 1069056K
  class space    used 2430K, capacity 2553K, committed 2560K, reserved 1048576K
}
Event: 2.961 GC heap after
{Heap after GC invocations=3 (full 0):
 garbage-first heap   total 129024K, used 16170K [0x0000000080000000, 0x0000000100000000)
  region size 1024K, 1 young (1024K), 1 survivors (1024K)
 Metaspace       used 20651K, capacity 21059K, committed 21248K, reserved 1069056K
  class space    used 2430K, capacity 2553K, committed 2560K, reserved 1048576K
}
Event: 3.639 GC heap before
{Heap before GC invocations=4 (full 0):
 garbage-first heap   total 129024K, used 67370K [0x0000000080000000, 0x0000000100000000)
  region size 1024K, 47 young (48128K), 1 survivors (1024K)
 Metaspace       used 25989K, capacity 26743K, committed 26880K, reserved 1073152K
  class space    used 3305K, capacity 3530K, committed 3584K, reserved 1048576K
}
Event: 3.643 GC heap after
{Heap after GC invocations=5 (full 0):
 garbage-first heap   total 129024K, used 23848K [0x0000000080000000, 0x0000000100000000)
  region size 1024K, 4 young (4096K), 4 survivors (4096K)
 Metaspace       used 25989K, capacity 26743K, committed 26880K, reserved 1073152K
  class space    used 3305K, capacity 3530K, committed 3584K, reserved 1048576K
}
Event: 4.500 GC heap before
{Heap before GC invocations=5 (full 0):
 garbage-first heap   total 129024K, used 77096K [0x0000000080000000, 0x0000000100000000)
  region size 1024K, 53 young (54272K), 4 survivors (4096K)
 Metaspace       used 33414K, capacity 34279K, committed 34560K, reserved 1079296K
  class space    used 4263K, capacity 4558K, committed 4608K, reserved 1048576K
}
Event: 4.505 GC heap after
{Heap after GC invocations=6 (full 0):
 garbage-first heap   total 129024K, used 32299K [0x0000000080000000, 0x0000000100000000)
  region size 1024K, 7 young (7168K), 7 survivors (7168K)
 Metaspace       used 33414K, capacity 34279K, committed 34560K, reserved 1079296K
  class space    used 4263K, capacity 4558K, committed 4608K, reserved 1048576K
}
Event: 4.564 GC heap before
{Heap before GC invocations=6 (full 0):
 garbage-first heap   total 129024K, used 33323K [0x0000000080000000, 0x0000000100000000)
  region size 1024K, 9 young (9216K), 7 survivors (7168K)
 Metaspace       used 34759K, capacity 35527K, committed 35628K, reserved 1081344K
  class space    used 4425K, capacity 4718K, committed 4736K, reserved 1048576K
}
Event: 4.574 GC heap after
{Heap after GC invocations=7 (full 0):
 garbage-first heap   total 129024K, used 33547K [0x0000000080000000, 0x0000000100000000)
  region size 1024K, 1 young (1024K), 1 survivors (1024K)
 Metaspace       used 34759K, capacity 35527K, committed 35628K, reserved 1081344K
  class space    used 4425K, capacity 4718K, committed 4736K, reserved 1048576K
}
Event: 5.002 GC heap before
{Heap before GC invocations=8 (full 0):
 garbage-first heap   total 129024K, used 71435K [0x0000000080000000, 0x0000000100000000)
  region size 1024K, 36 young (36864K), 1 survivors (1024K)
 Metaspace       used 39557K, capacity 40425K, committed 40568K, reserved 1085440K
  class space    used 4989K, capacity 5308K, committed 5324K, reserved 1048576K
}
Event: 5.005 GC heap after
{Heap after GC invocations=9 (full 0):
 garbage-first heap   total 129024K, used 34943K [0x0000000080000000, 0x0000000100000000)
  region size 1024K, 3 young (3072K), 3 survivors (3072K)
 Metaspace       used 39557K, capacity 40425K, committed 40568K, reserved 1085440K
  class space    used 4989K, capacity 5308K, committed 5324K, reserved 1048576K
}
Event: 5.581 GC heap before
{Heap before GC invocations=9 (full 0):
 garbage-first heap   total 129024K, used 73855K [0x0000000080000000, 0x0000000100000000)
  region size 1024K, 41 young (41984K), 3 survivors (3072K)
 Metaspace       used 43024K, capacity 43949K, committed 44024K, reserved 1087488K
  class space    used 5345K, capacity 5688K, committed 5708K, reserved 1048576K
}
Event: 5.586 GC heap after
{Heap after GC invocations=10 (full 0):
 garbage-first heap   total 129024K, used 40398K [0x0000000080000000, 0x0000000100000000)
  region size 1024K, 6 young (6144K), 6 survivors (6144K)
 Metaspace       used 43024K, capacity 43949K, committed 44024K, reserved 1087488K
  class space    used 5345K, capacity 5688K, committed 5708K, reserved 1048576K
}
Event: 5.757 GC heap before
{Heap before GC invocations=10 (full 0):
 garbage-first heap   total 129024K, used 79310K [0x0000000080000000, 0x0000000100000000)
  region size 1024K, 44 young (45056K), 6 survivors (6144K)
 Metaspace       used 43029K, capacity 43949K, committed 44024K, reserved 1087488K
  class space    used 5345K, capacity 5688K, committed 5708K, reserved 1048576K
}
Event: 5.767 GC heap after
{Heap after GC invocations=11 (full 0):
 garbage-first heap   total 129024K, used 50630K [0x0000000080000000, 0x0000000100000000)
  region size 1024K, 6 young (6144K), 6 survivors (6144K)
 Metaspace       used 43029K, capacity 43949K, committed 44024K, reserved 1087488K
  class space    used 5345K, capacity 5688K, committed 5708K, reserved 1048576K
}
Event: 5.880 GC heap before
{Heap before GC invocations=11 (full 0):
 garbage-first heap   total 129024K, used 84422K [0x0000000080000000, 0x0000000100000000)
  region size 1024K, 39 young (39936K), 6 survivors (6144K)
 Metaspace       used 43030K, capacity 43949K, committed 44024K, reserved 1087488K
  class space    used 5346K, capacity 5688K, committed 5708K, reserved 1048576K
}
Event: 5.884 GC heap after
{Heap after GC invocations=12 (full 0):
 garbage-first heap   total 155648K, used 56578K [0x0000000080000000, 0x0000000100000000)
  region size 1024K, 5 young (5120K), 5 survivors (5120K)
 Metaspace       used 43030K, capacity 43949K, committed 44024K, reserved 1087488K
  class space    used 5346K, capacity 5688K, committed 5708K, reserved 1048576K
}
Event: 6.056 GC heap before
{Heap before GC invocations=12 (full 0):
 garbage-first heap   total 155648K, used 99586K [0x0000000080000000, 0x0000000100000000)
  region size 1024K, 47 young (48128K), 5 survivors (5120K)
 Metaspace       used 43030K, capacity 43949K, committed 44024K, reserved 1087488K
  class space    used 5346K, capacity 5688K, committed 5708K, reserved 1048576K
}
Event: 6.062 GC heap after
{Heap after GC invocations=13 (full 0):
 garbage-first heap   total 155648K, used 68608K [0x0000000080000000, 0x0000000100000000)
  region size 1024K, 6 young (6144K), 6 survivors (6144K)
 Metaspace       used 43030K, capacity 43949K, committed 44024K, reserved 1087488K
  class space    used 5346K, capacity 5688K, committed 5708K, reserved 1048576K
}
Event: 6.192 GC heap before
{Heap before GC invocations=13 (full 0):
 garbage-first heap   total 155648K, used 107520K [0x0000000080000000, 0x0000000100000000)
  region size 1024K, 44 young (45056K), 6 survivors (6144K)
 Metaspace       used 43030K, capacity 43949K, committed 44024K, reserved 1087488K
  class space    used 5346K, capacity 5688K, committed 5708K, reserved 1048576K
}
Event: 6.196 GC heap after
{Heap after GC invocations=14 (full 0):
 garbage-first heap   total 155648K, used 76236K [0x0000000080000000, 0x0000000100000000)
  region size 1024K, 6 young (6144K), 6 survivors (6144K)
 Metaspace       used 43030K, capacity 43949K, committed 44024K, reserved 1087488K
  class space    used 5346K, capacity 5688K, committed 5708K, reserved 1048576K
}

Deoptimization events (20 events):
Event: 5.284 Thread 0x00000277e7d2d800 DEOPT PACKING pc=0x00000277d74aa38c sp=0x000000b19c3f9670
Event: 5.284 Thread 0x00000277e7d2d800 DEOPT UNPACKING pc=0x00000277cf8c74af sp=0x000000b19c3f9610 mode 2
Event: 5.291 Thread 0x00000277e7d2d800 Uncommon trap: trap_request=0xffffffc6 fr.pc=0x00000277d74aa38c relative=0x000000000000504c
Event: 5.291 Thread 0x00000277e7d2d800 Uncommon trap: reason=bimorphic_or_optimized_type_check action=maybe_recompile pc=0x00000277d74aa38c method=java.net.URL.<init>(Ljava/net/URL;Ljava/lang/String;Ljava/net/URLStreamHandler;)V @ 504 c2
Event: 5.291 Thread 0x00000277e7d2d800 DEOPT PACKING pc=0x00000277d74aa38c sp=0x000000b19c3f9670
Event: 5.291 Thread 0x00000277e7d2d800 DEOPT UNPACKING pc=0x00000277cf8c74af sp=0x000000b19c3f9610 mode 2
Event: 5.307 Thread 0x00000277e7d2d800 Uncommon trap: trap_request=0xffffffc6 fr.pc=0x00000277d74aa38c relative=0x000000000000504c
Event: 5.307 Thread 0x00000277e7d2d800 Uncommon trap: reason=bimorphic_or_optimized_type_check action=maybe_recompile pc=0x00000277d74aa38c method=java.net.URL.<init>(Ljava/net/URL;Ljava/lang/String;Ljava/net/URLStreamHandler;)V @ 504 c2
Event: 5.307 Thread 0x00000277e7d2d800 DEOPT PACKING pc=0x00000277d74aa38c sp=0x000000b19c3f9670
Event: 5.307 Thread 0x00000277e7d2d800 DEOPT UNPACKING pc=0x00000277cf8c74af sp=0x000000b19c3f9610 mode 2
Event: 5.311 Thread 0x00000277e7d2d800 DEOPT PACKING pc=0x00000277d019621b sp=0x000000b19c3f9460
Event: 5.311 Thread 0x00000277e7d2d800 DEOPT UNPACKING pc=0x00000277cf8c72ce sp=0x000000b19c3f89a0 mode 0
Event: 5.480 Thread 0x00000277e97b1000 DEOPT PACKING pc=0x00000277d0168468 sp=0x000000b19e0feb40
Event: 5.480 Thread 0x00000277e97b1000 DEOPT UNPACKING pc=0x00000277cf8c72ce sp=0x000000b19e0fe048 mode 0
Event: 5.573 Thread 0x00000277e7d2d800 DEOPT PACKING pc=0x00000277d017188f sp=0x000000b19c3faf20
Event: 5.573 Thread 0x00000277e7d2d800 DEOPT UNPACKING pc=0x00000277cf8c72ce sp=0x000000b19c3fa340 mode 0
Event: 6.268 Thread 0x00000277e7d2d800 Uncommon trap: trap_request=0xffffff4d fr.pc=0x00000277d74ceef4 relative=0x0000000000000814
Event: 6.268 Thread 0x00000277e7d2d800 Uncommon trap: reason=unstable_if action=reinterpret pc=0x00000277d74ceef4 method=java.util.zip.ZipFile$CleanableResource.releaseInflater(Ljava/util/zip/Inflater;)V @ 6 c2
Event: 6.268 Thread 0x00000277e7d2d800 DEOPT PACKING pc=0x00000277d74ceef4 sp=0x000000b19c3faed0
Event: 6.268 Thread 0x00000277e7d2d800 DEOPT UNPACKING pc=0x00000277cf8c74af sp=0x000000b19c3fae48 mode 2

Classes redefined (0 events):
No events

Internal exceptions (20 events):
Event: 4.867 Thread 0x00000277e7d2d800 Exception <a 'java/lang/ClassNotFoundException'{0x0000000086766a68}: org/gradle/api/internal/artifacts/dsl/dependencies/DefaultDependencyHandler_DecoratedCustomizer> (0x0000000086766a68) thrown at [./src/hotspot/share/classfile/systemDictionary.cpp, line 231]
Event: 4.962 Thread 0x00000277e7d2d800 Exception <a 'java/lang/NoSuchMethodError'{0x0000000085d7a1d8}: 'int java.lang.invoke.DirectMethodHandle$Holder.invokeInterface(java.lang.Object, java.lang.Object)'> (0x0000000085d7a1d8) thrown at [./src/hotspot/share/interpreter/linkResolver.cpp, line 773]
Event: 4.963 Thread 0x00000277e7d2d800 Exception <a 'java/lang/IncompatibleClassChangeError'{0x0000000085d7dcb8}: Found class java.lang.Object, but interface was expected> (0x0000000085d7dcb8) thrown at [./src/hotspot/share/interpreter/linkResolver.cpp, line 839]
Event: 5.016 Thread 0x00000277e7d2d800 Exception <a 'java/lang/NoSuchMethodError'{0x0000000087dde5b8}: 'int java.lang.invoke.DirectMethodHandle$Holder.invokeStaticInit(java.lang.Object)'> (0x0000000087dde5b8) thrown at [./src/hotspot/share/interpreter/linkResolver.cpp, line 773]
Event: 5.055 Thread 0x00000277e97b5000 Exception <a 'sun/nio/fs/WindowsException'{0x0000000087bf0fa0}> (0x0000000087bf0fa0) thrown at [./src/hotspot/share/prims/jni.cpp, line 615]
Event: 5.056 Thread 0x00000277e97b5000 Exception <a 'sun/nio/fs/WindowsException'{0x0000000087bf11c0}> (0x0000000087bf11c0) thrown at [./src/hotspot/share/prims/jni.cpp, line 615]
Event: 5.065 Thread 0x00000277e7d2d800 Exception <a 'java/lang/ClassNotFoundException'{0x0000000087a13750}: sync_studio_tooling1_410pbunjer9jtedil54djy4tnBeanInfo> (0x0000000087a13750) thrown at [./src/hotspot/share/classfile/systemDictionary.cpp, line 231]
Event: 5.066 Thread 0x00000277e7d2d800 Exception <a 'java/lang/ClassNotFoundException'{0x0000000087a1b8b0}: sync_studio_tooling1_410pbunjer9jtedil54djy4tnCustomizer> (0x0000000087a1b8b0) thrown at [./src/hotspot/share/classfile/systemDictionary.cpp, line 231]
Event: 5.083 Thread 0x00000277e7d2d800 Exception <a 'java/lang/ClassNotFoundException'{0x000000008793b9c8}: org/gradle/invocation/DefaultGradle_DecoratedBeanInfo> (0x000000008793b9c8) thrown at [./src/hotspot/share/classfile/systemDictionary.cpp, line 231]
Event: 5.084 Thread 0x00000277e7d2d800 Exception <a 'java/lang/ClassNotFoundException'{0x0000000087954ce8}: org/gradle/invocation/DefaultGradleBeanInfo> (0x0000000087954ce8) thrown at [./src/hotspot/share/classfile/systemDictionary.cpp, line 231]
Event: 5.085 Thread 0x00000277e7d2d800 Exception <a 'java/lang/ClassNotFoundException'{0x0000000087971ad0}: org/gradle/api/internal/project/AbstractPluginAwareBeanInfo> (0x0000000087971ad0) thrown at [./src/hotspot/share/classfile/systemDictionary.cpp, line 231]
Event: 5.085 Thread 0x00000277e7d2d800 Exception <a 'java/lang/ClassNotFoundException'{0x000000008798e070}: org/gradle/api/internal/project/AbstractPluginAwareCustomizer> (0x000000008798e070) thrown at [./src/hotspot/share/classfile/systemDictionary.cpp, line 231]
Event: 5.087 Thread 0x00000277e7d2d800 Exception <a 'java/lang/ClassNotFoundException'{0x00000000879afd38}: org/gradle/invocation/DefaultGradleCustomizer> (0x00000000879afd38) thrown at [./src/hotspot/share/classfile/systemDictionary.cpp, line 231]
Event: 5.090 Thread 0x00000277e7d2d800 Exception <a 'java/lang/ClassNotFoundException'{0x00000000879f9720}: org/gradle/invocation/DefaultGradle_DecoratedCustomizer> (0x00000000879f9720) thrown at [./src/hotspot/share/classfile/systemDictionary.cpp, line 231]
Event: 5.452 Thread 0x00000277e97b5000 Exception <a 'sun/nio/fs/WindowsException'{0x000000008677f858}> (0x000000008677f858) thrown at [./src/hotspot/share/prims/jni.cpp, line 615]
Event: 5.453 Thread 0x00000277e97b5000 Exception <a 'sun/nio/fs/WindowsException'{0x000000008677fa20}> (0x000000008677fa20) thrown at [./src/hotspot/share/prims/jni.cpp, line 615]
Event: 5.461 Thread 0x00000277e7d2d800 Exception <a 'java/lang/ClassNotFoundException'{0x00000000867e0f30}: ijinit1_6gsw72uth6et86t2o0drt3wdhBeanInfo> (0x00000000867e0f30) thrown at [./src/hotspot/share/classfile/systemDictionary.cpp, line 231]
Event: 5.461 Thread 0x00000277e7d2d800 Exception <a 'java/lang/ClassNotFoundException'{0x00000000867e8af8}: ijinit1_6gsw72uth6et86t2o0drt3wdhCustomizer> (0x00000000867e8af8) thrown at [./src/hotspot/share/classfile/systemDictionary.cpp, line 231]
Event: 6.264 Thread 0x00000277e7d2d800 Exception <a 'java/lang/OutOfMemoryError'{0x00000000888bb120}> (0x00000000888bb120) thrown at [./src/hotspot/share/prims/jni.cpp, line 636]
Event: 6.268 Thread 0x00000277e7d2d800 Implicit null exception at 0x00000277d74ce71b to 0x00000277d74ceedc

Events (20 events):
Event: 5.503 loading class org/gradle/api/internal/file/archive/FileZipInput$1$1
Event: 5.503 loading class org/gradle/api/internal/file/archive/FileZipInput$1$1 done
Event: 5.503 loading class org/gradle/api/internal/changedetection/state/ZipHasher$ZipEntryRelativePath
Event: 5.503 loading class org/gradle/api/internal/changedetection/state/ZipHasher$ZipEntryRelativePath done
Event: 5.581 Executing VM operation: G1CollectForAllocation
Event: 5.586 Executing VM operation: G1CollectForAllocation done
Event: 5.757 Executing VM operation: G1CollectForAllocation
Event: 5.767 Executing VM operation: G1CollectForAllocation done
Event: 5.878 loading class org/gradle/api/internal/changedetection/state/ZipHasher$1
Event: 5.878 loading class org/gradle/api/internal/changedetection/state/ZipHasher$1 done
Event: 5.880 Executing VM operation: G1CollectForAllocation
Event: 5.884 Executing VM operation: G1CollectForAllocation done
Event: 6.056 Executing VM operation: G1CollectForAllocation
Event: 6.062 Executing VM operation: G1CollectForAllocation done
Event: 6.192 Executing VM operation: G1CollectForAllocation
Event: 6.196 Executing VM operation: G1CollectForAllocation done
Event: 6.264 loading class java/util/zip/DataFormatException
Event: 6.264 loading class java/util/zip/DataFormatException done
Event: 6.265 Thread 0x00000277e9187000 Thread exited: 0x00000277e9187000
Event: 6.270 Loaded shared library C:\Program Files\Android\Android Studio\jre\bin\zip.dll


Dynamic libraries:
0x00007ff7e53b0000 - 0x00007ff7e53ba000 	C:\Program Files\Android\Android Studio\jre\bin\java.exe
0x00007ffe232c0000 - 0x00007ffe234b0000 	C:\Windows\SYSTEM32\ntdll.dll
0x00007ffe23080000 - 0x00007ffe23132000 	C:\Windows\System32\KERNEL32.DLL
0x00007ffe20a90000 - 0x00007ffe20d35000 	C:\Windows\System32\KERNELBASE.dll
0x00007ffe21080000 - 0x00007ffe2117a000 	C:\Windows\System32\ucrtbase.dll
0x00007ffe01130000 - 0x00007ffe01149000 	C:\Program Files\Android\Android Studio\jre\bin\jli.dll
0x00007ffdffe60000 - 0x00007ffdffe77000 	C:\Program Files\Android\Android Studio\jre\bin\VCRUNTIME140.dll
0x00007ffe22220000 - 0x00007ffe223b4000 	C:\Windows\System32\USER32.dll
0x00007ffe20e60000 - 0x00007ffe20e81000 	C:\Windows\System32\win32u.dll
0x00007ffe22460000 - 0x00007ffe22486000 	C:\Windows\System32\GDI32.dll
0x00007ffe21180000 - 0x00007ffe21318000 	C:\Windows\System32\gdi32full.dll
0x00007ffe0cf90000 - 0x00007ffe0d214000 	C:\Windows\WinSxS\amd64_microsoft.windows.common-controls_6595b64144ccf1df_6.0.18362.1440_none_9e7dbfb9e45e8e67\COMCTL32.dll
0x00007ffe20d40000 - 0x00007ffe20dde000 	C:\Windows\System32\msvcp_win.dll
0x00007ffe21fd0000 - 0x00007ffe2206e000 	C:\Windows\System32\msvcrt.dll
0x00007ffe22c00000 - 0x00007ffe22f36000 	C:\Windows\System32\combase.dll
0x00007ffe215e0000 - 0x00007ffe216ff000 	C:\Windows\System32\RPCRT4.dll
0x00007ffe20ff0000 - 0x00007ffe21071000 	C:\Windows\System32\bcryptPrimitives.dll
0x00007ffe23140000 - 0x00007ffe2316e000 	C:\Windows\System32\IMM32.DLL
0x00007ffdeb2e0000 - 0x00007ffdeb37d000 	C:\Program Files\Android\Android Studio\jre\bin\msvcp140.dll
0x00007ffdd75f0000 - 0x00007ffdd80ac000 	C:\Program Files\Android\Android Studio\jre\bin\server\jvm.dll
0x00007ffe21460000 - 0x00007ffe21503000 	C:\Windows\System32\ADVAPI32.dll
0x00007ffe223c0000 - 0x00007ffe22457000 	C:\Windows\System32\sechost.dll
0x00007ffe22780000 - 0x00007ffe22788000 	C:\Windows\System32\PSAPI.DLL
0x00007ffe1d920000 - 0x00007ffe1d944000 	C:\Windows\SYSTEM32\WINMM.dll
0x00007ffe18a00000 - 0x00007ffe18a0a000 	C:\Windows\SYSTEM32\VERSION.dll
0x00007ffe09a40000 - 0x00007ffe09a49000 	C:\Windows\SYSTEM32\WSOCK32.dll
0x00007ffe225b0000 - 0x00007ffe2261f000 	C:\Windows\System32\WS2_32.dll
0x00007ffe1d8f0000 - 0x00007ffe1d91d000 	C:\Windows\SYSTEM32\winmmbase.dll
0x00007ffe21320000 - 0x00007ffe2136a000 	C:\Windows\System32\cfgmgr32.dll
0x00007ffe201a0000 - 0x00007ffe201b1000 	C:\Windows\System32\kernel.appcore.dll
0x00007ffe12910000 - 0x00007ffe12921000 	C:\Program Files\Android\Android Studio\jre\bin\verify.dll
0x00007ffe1ea80000 - 0x00007ffe1ec74000 	C:\Windows\SYSTEM32\DBGHELP.DLL
0x00007ffe0fe30000 - 0x00007ffe0fe5a000 	C:\Windows\SYSTEM32\dbgcore.DLL
0x00007ffe0c0e0000 - 0x00007ffe0c109000 	C:\Program Files\Android\Android Studio\jre\bin\java.dll
0x00007ffe1a430000 - 0x00007ffe1a43b000 	C:\Program Files\Android\Android Studio\jre\bin\jimage.dll
0x00007ffe120d0000 - 0x00007ffe120e8000 	C:\Program Files\Android\Android Studio\jre\bin\zip.dll
0x00007ffe21700000 - 0x00007ffe21de8000 	C:\Windows\System32\SHELL32.dll
0x00007ffe22490000 - 0x00007ffe22537000 	C:\Windows\System32\shcore.dll
0x00007ffe202e0000 - 0x00007ffe20a5b000 	C:\Windows\System32\windows.storage.dll
0x00007ffe201c0000 - 0x00007ffe201de000 	C:\Windows\System32\profapi.dll
0x00007ffe201e0000 - 0x00007ffe2022a000 	C:\Windows\System32\powrprof.dll
0x00007ffe20170000 - 0x00007ffe20180000 	C:\Windows\System32\UMPDC.dll
0x00007ffe22550000 - 0x00007ffe225a2000 	C:\Windows\System32\shlwapi.dll
0x00007ffe20e40000 - 0x00007ffe20e57000 	C:\Windows\System32\cryptsp.dll
0x00007ffe0f540000 - 0x00007ffe0f55a000 	C:\Program Files\Android\Android Studio\jre\bin\net.dll
0x00007ffe11aa0000 - 0x00007ffe11b9a000 	C:\Windows\SYSTEM32\WINHTTP.dll
0x00007ffe1f9b0000 - 0x00007ffe1fa17000 	C:\Windows\system32\mswsock.dll
0x00007ffe0c0c0000 - 0x00007ffe0c0d4000 	C:\Program Files\Android\Android Studio\jre\bin\nio.dll
0x00007ffe01e30000 - 0x00007ffe01e57000 	C:\Users\harsh\AndroidStudioProjects\FirstMultiScreen2\native\f6784746aeab05261644944871eae4fe03e0ef1612fff0a4a95f87b438bc6780\windows-amd64\native-platform.dll
0x00007ffe12900000 - 0x00007ffe1290a000 	C:\Program Files\Android\Android Studio\jre\bin\management.dll
0x00007ffe110f0000 - 0x00007ffe110fc000 	C:\Program Files\Android\Android Studio\jre\bin\management_ext.dll
0x00007ffe1f530000 - 0x00007ffe1f563000 	C:\Windows\system32\rsaenh.dll
0x00007ffe20a60000 - 0x00007ffe20a86000 	C:\Windows\System32\bcrypt.dll
0x00007ffe20090000 - 0x00007ffe200b5000 	C:\Windows\SYSTEM32\USERENV.dll
0x00007ffe1fb80000 - 0x00007ffe1fb8c000 	C:\Windows\SYSTEM32\CRYPTBASE.dll
0x00007ffe1f6c0000 - 0x00007ffe1f6fa000 	C:\Windows\SYSTEM32\IPHLPAPI.DLL
0x00007ffe22770000 - 0x00007ffe22778000 	C:\Windows\System32\NSI.dll
0x00007ffe179d0000 - 0x00007ffe179e6000 	C:\Windows\SYSTEM32\dhcpcsvc6.DLL
0x00007ffe186d0000 - 0x00007ffe186ec000 	C:\Windows\SYSTEM32\dhcpcsvc.DLL
0x00007ffe1f700000 - 0x00007ffe1f7cb000 	C:\Windows\SYSTEM32\DNSAPI.dll
0x00007ffe18850000 - 0x00007ffe1885b000 	C:\Windows\SYSTEM32\WINNSI.DLL

dbghelp: loaded successfully - version: 4.0.5 - missing functions: none
symbol engine: initialized successfully - sym options: 0x614 - pdb path: .;C:\Program Files\Android\Android Studio\jre\bin;C:\Windows\SYSTEM32;C:\Windows\WinSxS\amd64_microsoft.windows.common-controls_6595b64144ccf1df_6.0.18362.1440_none_9e7dbfb9e45e8e67;C:\Program Files\Android\Android Studio\jre\bin\server;C:\Users\harsh\AndroidStudioProjects\FirstMultiScreen2\native\f6784746aeab05261644944871eae4fe03e0ef1612fff0a4a95f87b438bc6780\windows-amd64

VM Arguments:
jvm_args: --add-opens=java.base/java.util=ALL-UNNAMED --add-opens=java.base/java.lang=ALL-UNNAMED --add-opens=java.base/java.lang.invoke=ALL-UNNAMED --add-opens=java.prefs/java.util.prefs=ALL-UNNAMED -Xmx2048m -Dfile.encoding=UTF-8 -Duser.country=US -Duser.language=en -Duser.variant 
java_command: org.gradle.launcher.daemon.bootstrap.GradleDaemon 6.5
java_class_path (initial): C:\Users\harsh\AndroidStudioProjects\FirstMultiScreen2\wrapper\dists\gradle-6.5-bin\6nifqtx7604sqp1q6g8wikw7p\gradle-6.5\lib\gradle-launcher-6.5.jar
Launcher Type: SUN_STANDARD

[Global flags]
     intx CICompilerCount                          = 4                                         {product} {ergonomic}
     uint ConcGCThreads                            = 2                                         {product} {ergonomic}
     uint G1ConcRefinementThreads                  = 8                                         {product} {ergonomic}
   size_t G1HeapRegionSize                         = 1048576                                   {product} {ergonomic}
    uintx GCDrainStackTargetSize                   = 64                                        {product} {ergonomic}
   size_t InitialHeapSize                          = 132120576                                 {product} {ergonomic}
   size_t MarkStackSize                            = 4194304                                   {product} {ergonomic}
   size_t MaxHeapSize                              = 2147483648                                {product} {command line}
   size_t MaxNewSize                               = 1287651328                                {product} {ergonomic}
   size_t MinHeapDeltaBytes                        = 1048576                                   {product} {ergonomic}
    uintx NonNMethodCodeHeapSize                   = 5836300                                {pd product} {ergonomic}
    uintx NonProfiledCodeHeapSize                  = 122910970                              {pd product} {ergonomic}
    uintx ProfiledCodeHeapSize                     = 122910970                              {pd product} {ergonomic}
    uintx ReservedCodeCacheSize                    = 251658240                              {pd product} {ergonomic}
     bool SegmentedCodeCache                       = true                                      {product} {ergonomic}
     bool UseCompressedClassPointers               = true                                 {lp64_product} {ergonomic}
     bool UseCompressedOops                        = true                                 {lp64_product} {ergonomic}
     bool UseG1GC                                  = true                                      {product} {ergonomic}
     bool UseLargePagesIndividualAllocation        = false                                  {pd product} {ergonomic}

Logging:
Log output configuration:
 #0: stdout all=warning uptime,level,tags
 #1: stderr all=off uptime,level,tags

Environment Variables:
PATH=C:\Windows\system32;C:\Windows;C:\Windows\System32\Wbem;C:\Windows\System32\WindowsPowerShell\v1.0\;C:\Windows\System32\OpenSSH\;C:\Program Files (x86)\NVIDIA Corporation\PhysX\Common;C:\Program Files\NVIDIA Corporation\NVIDIA NvDLISR;C:\MinGW\bin;C:\Program Files (x86)\Calibre2\;C:\Users\harsh\AppData\Local\Microsoft\WindowsApps;C:\Program Files\CodeBlocks\MinGW\bin;C:\MinGW\bin;;C:\Users\harsh\AppData\Local\Programs\Microsoft VS Code\bin
USERNAME=harsh
OS=Windows_NT
PROCESSOR_IDENTIFIER=Intel64 Family 6 Model 158 Stepping 10, GenuineIntel



---------------  S Y S T E M  ---------------

OS: Windows 10 , 64 bit Build 18362 (10.0.18362.1350)
OS uptime: 60 days 21:58 hours

CPU:total 8 (initial active 8) (4 cores per cpu, 2 threads per core) family 6 model 158 stepping 10, cmov, cx8, fxsr, mmx, sse, sse2, sse3, ssse3, sse4.1, sse4.2, popcnt, avx, avx2, aes, clmul, erms, 3dnowpref, lzcnt, ht, tsc, tscinvbit, bmi1, bmi2, adx, fma

Memory: 4k page, system-wide physical 8044M (393M free)
TotalPageFile size 32620M (AvailPageFile size 113M)
current process WorkingSet (physical memory assigned to process): 357M, peak: 400M
current process commit charge ("private bytes"): 465M, peak: 576M

vm_info: OpenJDK 64-Bit Server VM (11.0.8+10-b944.6842174) for windows-amd64 JRE (11.0.8+10-b944.6842174), built on Sep 19 2020 01:11:42 by "builder" with MS VC++ 14.0 (VS2015)

END.
