#
# There is insufficient memory for the Java Runtime Environment to continue.
# Native memory allocation (mmap) failed to map 27262976 bytes for Failed to commit area from 0x0000000087e00000 to 0x0000000089800000 of length 27262976.
# Possible reasons:
#   The system is out of physical RAM or swap space
#   The process is running with CompressedOops enabled, and the Java Heap may be blocking the growth of the native heap
# Possible solutions:
#   Reduce memory load on the system
#   Increase physical memory or swap space
#   Check if swap backing store is full
#   Decrease Java heap size (-Xmx/-Xms)
#   Decrease number of Java threads
#   Decrease Java thread stack sizes (-Xss)
#   Set larger code cache with -XX:ReservedCodeCacheSize=
#   JVM is running with Unscaled Compressed Oops mode in which the Java heap is
#     placed in the first 4GB address space. The Java Heap base address is the
#     maximum limit for the native heap growth. Please use -XX:HeapBaseMinAddress
#     to set the Java Heap base and to place the Java Heap above 4GB virtual address.
# This output file may be truncated or incomplete.
#
#  Out of Memory Error (./src/hotspot/os/windows/os_windows.cpp:3303), pid=62088, tid=49724
#
# JRE version: OpenJDK Runtime Environment (11.0.8+10) (build 11.0.8+10-b944.6842174)
# Java VM: OpenJDK 64-Bit Server VM (11.0.8+10-b944.6842174, mixed mode, tiered, compressed oops, g1 gc, windows-amd64)
# No core dump will be written. Minidumps are not enabled by default on client versions of Windows
#

---------------  S U M M A R Y ------------

Command Line: --add-opens=java.base/java.util=ALL-UNNAMED --add-opens=java.base/java.lang=ALL-UNNAMED --add-opens=java.base/java.lang.invoke=ALL-UNNAMED --add-opens=java.prefs/java.util.prefs=ALL-UNNAMED -Xmx2048m -Dfile.encoding=UTF-8 -Duser.country=US -Duser.language=en -Duser.variant org.gradle.launcher.daemon.bootstrap.GradleDaemon 6.5

Host: Intel(R) Core(TM) i5-9300H CPU @ 2.40GHz, 8 cores, 7G,  Windows 10 , 64 bit Build 18362 (10.0.18362.1350)
Time: Thu Dec 30 15:31:02 2021 India Standard Time elapsed time: 8 seconds (0d 0h 0m 8s)

---------------  T H R E A D  ---------------

Current thread (0x000001952c4e0800):  VMThread "VM Thread" [stack: 0x000000396aa00000,0x000000396ab00000] [id=49724]

Stack: [0x000000396aa00000,0x000000396ab00000]
[error occurred during error reporting (printing stack bounds), id 0xc0000005, EXCEPTION_ACCESS_VIOLATION (0xc0000005) at pc=0x0000019515b40dad]

Native frames: (J=compiled Java code, j=interpreted, Vv=VM code, C=native code)
V  [jvm.dll+0x5de50a]
V  [jvm.dll+0x7122f5]
V  [jvm.dll+0x71384d]
V  [jvm.dll+0x713e65]
V  [jvm.dll+0x713e1b]
V  [jvm.dll+0x5dd958]
V  [jvm.dll+0x5de0f8]
C  [ntdll.dll+0xa1eef]
C  [ntdll.dll+0x6aad9]
C  [ntdll.dll+0xa0b5e]
C  0x0000019515b40dad

VM_Operation (0x000000396bffadf0): G1CollectForAllocation, mode: safepoint, requested by thread 0x000001952e7b0800


---------------  P R O C E S S  ---------------

Threads class SMR info:
_java_thread_list=0x0000019531396870, length=51, elements={
0x00000195121ca800, 0x000001952c4e2800, 0x000001952c4ee000, 0x000001952ce55800,
0x000001952ce57000, 0x000001952ce58000, 0x000001952ce60800, 0x000001952c500000,
0x000001952cfc6800, 0x000001952cfd7000, 0x000001952dbee000, 0x000001952e456800,
0x000001952e7c0800, 0x000001952e634800, 0x000001952e4c2000, 0x000001952e569000,
0x000001952e7b0800, 0x000001952e7b1000, 0x000001952e56a000, 0x000001952e56a800,
0x000001952e8b8000, 0x000001952e8b9000, 0x000001952e8b3800, 0x000001952e8ba000,
0x000001952e8b4000, 0x000001952e8b5000, 0x000001952e8b5800, 0x000001952e8b6800,
0x000001952e8b7800, 0x0000019530136800, 0x0000019530135800, 0x0000019530131000,
0x0000019530134000, 0x0000019530135000, 0x0000019530133000, 0x0000019530132800,
0x0000019530137800, 0x0000019530131800, 0x000001953013c000, 0x000001953013d000,
0x000001953013a800, 0x000001953013b800, 0x0000019530139000, 0x000001953013e000,
0x0000019530138000, 0x000001953013e800, 0x000001953013a000, 0x000001953013f800,
0x00000195312a2000, 0x00000195312a4000, 0x000001952fe40800
}

Java Threads: ( => current thread )
  0x00000195121ca800 JavaThread "main" [_thread_blocked, id=31472, stack(0x000000396a400000,0x000000396a500000)]
  0x000001952c4e2800 JavaThread "Reference Handler" daemon [_thread_blocked, id=15504, stack(0x000000396ab00000,0x000000396ac00000)]
  0x000001952c4ee000 JavaThread "Finalizer" daemon [_thread_blocked, id=65892, stack(0x000000396ac00000,0x000000396ad00000)]
  0x000001952ce55800 JavaThread "Signal Dispatcher" daemon [_thread_blocked, id=64220, stack(0x000000396ad00000,0x000000396ae00000)]
  0x000001952ce57000 JavaThread "Attach Listener" daemon [_thread_blocked, id=66784, stack(0x000000396ae00000,0x000000396af00000)]
  0x000001952ce58000 JavaThread "C2 CompilerThread0" daemon [_thread_blocked, id=67480, stack(0x000000396af00000,0x000000396b000000)]
  0x000001952ce60800 JavaThread "C1 CompilerThread0" daemon [_thread_blocked, id=61736, stack(0x000000396b000000,0x000000396b100000)]
  0x000001952c500000 JavaThread "Sweeper thread" daemon [_thread_blocked, id=64328, stack(0x000000396b100000,0x000000396b200000)]
  0x000001952cfc6800 JavaThread "Common-Cleaner" daemon [_thread_blocked, id=62820, stack(0x000000396b200000,0x000000396b300000)]
  0x000001952cfd7000 JavaThread "Service Thread" daemon [_thread_blocked, id=63976, stack(0x000000396b300000,0x000000396b400000)]
  0x000001952dbee000 JavaThread "Daemon health stats" [_thread_blocked, id=62968, stack(0x000000396b700000,0x000000396b800000)]
  0x000001952e456800 JavaThread "Incoming local TCP Connector on port 50549" [_thread_in_native, id=52320, stack(0x000000396ba00000,0x000000396bb00000)]
  0x000001952e7c0800 JavaThread "Daemon periodic checks" [_thread_blocked, id=63612, stack(0x000000396bb00000,0x000000396bc00000)]
  0x000001952e634800 JavaThread "Daemon" [_thread_blocked, id=46680, stack(0x000000396bc00000,0x000000396bd00000)]
  0x000001952e4c2000 JavaThread "Handler for socket connection from /127.0.0.1:50549 to /127.0.0.1:50550" [_thread_in_native, id=66884, stack(0x000000396bd00000,0x000000396be00000)]
  0x000001952e569000 JavaThread "Cancel handler" [_thread_blocked, id=66248, stack(0x000000396be00000,0x000000396bf00000)]
  0x000001952e7b0800 JavaThread "Daemon worker" [_thread_blocked, id=46576, stack(0x000000396bf00000,0x000000396c000000)]
  0x000001952e7b1000 JavaThread "Asynchronous log dispatcher for DefaultDaemonConnection: socket connection from /127.0.0.1:50549 to /127.0.0.1:50550" [_thread_blocked, id=47568, stack(0x000000396c000000,0x000000396c100000)]
  0x000001952e56a000 JavaThread "Stdin handler" [_thread_blocked, id=61200, stack(0x000000396c100000,0x000000396c200000)]
  0x000001952e56a800 JavaThread "Thread-8" [_thread_blocked, id=50692, stack(0x000000396c200000,0x000000396c300000)]
  0x000001952e8b8000 JavaThread "Cache worker for journal cache (C:\Users\harsh\AndroidStudioProjects\FirstMultiScreen2\caches\journal-1)" [_thread_blocked, id=19100, stack(0x000000396c900000,0x000000396ca00000)]
  0x000001952e8b9000 JavaThread "File lock request listener" [_thread_in_native, id=61044, stack(0x000000396ca00000,0x000000396cb00000)]
  0x000001952e8b3800 JavaThread "Cache worker for file hash cache (C:\Users\harsh\AndroidStudioProjects\FirstMultiScreen2\caches\6.5\fileHashes)" [_thread_blocked, id=64364, stack(0x000000396cb00000,0x000000396cc00000)]
  0x000001952e8ba000 JavaThread "Cache worker for file hash cache (C:\Users\harsh\Downloads\android-basics-kotlin-words-app-activities\android-basics-kotlin-words-app-activities\.gradle\6.5\fileHashes)" [_thread_blocked, id=54968, stack(0x000000396cd00000,0x000000396ce00000)]
  0x000001952e8b4000 JavaThread "jar transforms" [_thread_blocked, id=67064, stack(0x000000396ce00000,0x000000396cf00000)]
  0x000001952e8b5000 JavaThread "jar transforms Thread 2" [_thread_blocked, id=53512, stack(0x000000396cf00000,0x000000396d000000)]
  0x000001952e8b5800 JavaThread "jar transforms Thread 3" [_thread_blocked, id=40852, stack(0x000000396d000000,0x000000396d100000)]
  0x000001952e8b6800 JavaThread "jar transforms Thread 4" [_thread_blocked, id=62628, stack(0x000000396d100000,0x000000396d200000)]
  0x000001952e8b7800 JavaThread "jar transforms Thread 5" [_thread_blocked, id=11468, stack(0x000000396d200000,0x000000396d300000)]
  0x0000019530136800 JavaThread "jar transforms Thread 6" [_thread_blocked, id=67376, stack(0x000000396d300000,0x000000396d400000)]
  0x0000019530135800 JavaThread "jar transforms Thread 7" [_thread_blocked, id=37800, stack(0x000000396d400000,0x000000396d500000)]
  0x0000019530131000 JavaThread "jar transforms Thread 8" [_thread_blocked, id=58768, stack(0x000000396d500000,0x000000396d600000)]
  0x0000019530134000 JavaThread "jar transforms Thread 9" [_thread_blocked, id=47816, stack(0x000000396d600000,0x000000396d700000)]
  0x0000019530135000 JavaThread "jar transforms Thread 10" [_thread_blocked, id=60068, stack(0x000000396d700000,0x000000396d800000)]
  0x0000019530133000 JavaThread "jar transforms Thread 11" [_thread_blocked, id=67280, stack(0x000000396d800000,0x000000396d900000)]
  0x0000019530132800 JavaThread "jar transforms Thread 12" [_thread_blocked, id=63992, stack(0x000000396d900000,0x000000396da00000)]
  0x0000019530137800 JavaThread "jar transforms Thread 13" [_thread_blocked, id=55412, stack(0x000000396da00000,0x000000396db00000)]
  0x0000019530131800 JavaThread "jar transforms Thread 14" [_thread_blocked, id=65828, stack(0x000000396db00000,0x000000396dc00000)]
  0x000001953013c000 JavaThread "jar transforms Thread 15" [_thread_blocked, id=58712, stack(0x000000396c300000,0x000000396c400000)]
  0x000001953013d000 JavaThread "jar transforms Thread 16" [_thread_blocked, id=64524, stack(0x000000396dc00000,0x000000396dd00000)]
  0x000001953013a800 JavaThread "jar transforms Thread 17" [_thread_blocked, id=52984, stack(0x000000396dd00000,0x000000396de00000)]
  0x000001953013b800 JavaThread "jar transforms Thread 18" [_thread_blocked, id=46824, stack(0x000000396de00000,0x000000396df00000)]
  0x0000019530139000 JavaThread "jar transforms Thread 19" [_thread_blocked, id=59528, stack(0x000000396df00000,0x000000396e000000)]
  0x000001953013e000 JavaThread "jar transforms Thread 20" [_thread_blocked, id=64456, stack(0x000000396e000000,0x000000396e100000)]
  0x0000019530138000 JavaThread "jar transforms Thread 21" [_thread_blocked, id=45356, stack(0x000000396e100000,0x000000396e200000)]
  0x000001953013e800 JavaThread "Cache worker for checksums cache (C:\Users\harsh\Downloads\android-basics-kotlin-words-app-activities\android-basics-kotlin-words-app-activities\.gradle\checksums)" [_thread_blocked, id=67164, stack(0x000000396e300000,0x000000396e400000)]
  0x000001953013a000 JavaThread "Cache worker for cache directory md-supplier (C:\Users\harsh\AndroidStudioProjects\FirstMultiScreen2\caches\6.5\md-supplier)" [_thread_blocked, id=60152, stack(0x000000396e400000,0x000000396e500000)]
  0x000001953013f800 JavaThread "Cache worker for cache directory md-rule (C:\Users\harsh\AndroidStudioProjects\FirstMultiScreen2\caches\6.5\md-rule)" [_thread_blocked, id=66512, stack(0x000000396e500000,0x000000396e600000)]
  0x00000195312a2000 JavaThread "Cache worker for execution history cache (C:\Users\harsh\AndroidStudioProjects\FirstMultiScreen2\caches\6.5\executionHistory)" [_thread_blocked, id=59408, stack(0x000000396e600000,0x000000396e700000)]
  0x00000195312a4000 JavaThread "Cache worker for file content cache (C:\Users\harsh\AndroidStudioProjects\FirstMultiScreen2\caches\6.5\fileContent)" [_thread_blocked, id=41372, stack(0x000000396e700000,0x000000396e800000)]
  0x000001952fe40800 JavaThread "C2 CompilerThread1" daemon [_thread_blocked, id=58832, stack(0x000000396e200000,0x000000396e300000)]

Other Threads:
=>0x000001952c4e0800 VMThread "VM Thread" [stack: 0x000000396aa00000,0x000000396ab00000] [id=49724]
  0x000001952cfd8000 WatcherThread [stack: 0x000000396b400000,0x000000396b500000] [id=66968]
  0x00000195121e3000 GCTaskThread "GC Thread#0" [stack: 0x000000396a500000,0x000000396a600000] [id=55624]
  0x000001952d7f9800 GCTaskThread "GC Thread#1" [stack: 0x000000396b500000,0x000000396b600000] [id=53748]
  0x000001952d7cd800 GCTaskThread "GC Thread#2" [stack: 0x000000396b600000,0x000000396b700000] [id=55804]
  0x000001952e811800 GCTaskThread "GC Thread#3" [stack: 0x000000396c400000,0x000000396c500000] [id=63316]
  0x000001952e812000 GCTaskThread "GC Thread#4" [stack: 0x000000396c500000,0x000000396c600000] [id=61416]
  0x000001952e750800 GCTaskThread "GC Thread#5" [stack: 0x000000396c600000,0x000000396c700000] [id=56080]
  0x000001952e751000 GCTaskThread "GC Thread#6" [stack: 0x000000396c700000,0x000000396c800000] [id=29380]
  0x000001952e751800 GCTaskThread "GC Thread#7" [stack: 0x000000396c800000,0x000000396c900000] [id=2056]
  0x0000019512214000 ConcurrentGCThread "G1 Main Marker" [stack: 0x000000396a600000,0x000000396a700000] [id=58932]
  0x000001951221b800 ConcurrentGCThread "G1 Conc#0" [stack: 0x000000396a700000,0x000000396a800000] [id=67268]
  0x000001952e950800 ConcurrentGCThread "G1 Conc#1" [stack: 0x000000396cc00000,0x000000396cd00000] [id=49884]
  0x0000019512299800 ConcurrentGCThread "G1 Refine#0" [stack: 0x000000396a800000,0x000000396a900000] [id=28920]
  0x000001951229a000 ConcurrentGCThread "G1 Young RemSet Sampling" [stack: 0x000000396a900000,0x000000396aa00000] [id=64536]

Threads with active compile tasks:

VM state:at safepoint (normal execution)

VM Mutex/Monitor currently owned by a thread:  ([mutex/lock_event])
[0x00000195121c7260] Threads_lock - owner thread: 0x000001952c4e0800
[0x00000195121c6b10] Heap_lock - owner thread: 0x000001952e7b0800

Heap address: 0x0000000080000000, size: 2048 MB, Compressed Oops mode: 32-bit
Narrow klass base: 0x0000000000000000, Narrow klass shift: 3
Compressed class space size: 1073741824 Address: 0x0000000100000000

Heap:
 garbage-first heap   total 155648K, used 80896K [0x0000000080000000, 0x0000000100000000)
  region size 1024K, 4 young (4096K), 4 survivors (4096K)
 Metaspace       used 43428K, capacity 44314K, committed 44588K, reserved 1087488K
  class space    used 5362K, capacity 5682K, committed 5760K, reserved 1048576K
Heap Regions: E=young(eden), S=young(survivor), O=old, HS=humongous(starts), HC=humongous(continues), CS=collection set, F=free, A=archive, TAMS=top-at-mark-start (previous, next)
|   0|0x0000000080000000, 0x0000000080100000, 0x0000000080100000|100%| O|  |TAMS 0x0000000080100000, 0x0000000080000000| Untracked 
|   1|0x0000000080100000, 0x0000000080200000, 0x0000000080200000|100%| O|  |TAMS 0x0000000080200000, 0x0000000080100000| Untracked 
|   2|0x0000000080200000, 0x0000000080300000, 0x0000000080300000|100%| O|  |TAMS 0x0000000080300000, 0x0000000080200000| Untracked 
|   3|0x0000000080300000, 0x0000000080400000, 0x0000000080400000|100%|HS|  |TAMS 0x0000000080400000, 0x0000000080300000| Complete 
|   4|0x0000000080400000, 0x0000000080500000, 0x0000000080500000|100%|HC|  |TAMS 0x0000000080500000, 0x0000000080400000| Complete 
|   5|0x0000000080500000, 0x0000000080600000, 0x0000000080600000|100%|HC|  |TAMS 0x0000000080600000, 0x0000000080500000| Complete 
|   6|0x0000000080600000, 0x0000000080700000, 0x0000000080700000|100%| O|  |TAMS 0x0000000080700000, 0x0000000080600000| Untracked 
|   7|0x0000000080700000, 0x0000000080800000, 0x0000000080800000|100%| O|  |TAMS 0x0000000080800000, 0x0000000080700000| Untracked 
|   8|0x0000000080800000, 0x0000000080900000, 0x0000000080900000|100%| O|  |TAMS 0x0000000080900000, 0x0000000080800000| Untracked 
|   9|0x0000000080900000, 0x0000000080a00000, 0x0000000080a00000|100%| O|  |TAMS 0x0000000080a00000, 0x0000000080900000| Untracked 
|  10|0x0000000080a00000, 0x0000000080b00000, 0x0000000080b00000|100%| O|  |TAMS 0x0000000080b00000, 0x0000000080a00000| Untracked 
|  11|0x0000000080b00000, 0x0000000080c00000, 0x0000000080c00000|100%| O|  |TAMS 0x0000000080c00000, 0x0000000080b00000| Untracked 
|  12|0x0000000080c00000, 0x0000000080d00000, 0x0000000080d00000|100%| O|  |TAMS 0x0000000080d00000, 0x0000000080c00000| Untracked 
|  13|0x0000000080d00000, 0x0000000080e00000, 0x0000000080e00000|100%| O|  |TAMS 0x0000000080e00000, 0x0000000080d00000| Untracked 
|  14|0x0000000080e00000, 0x0000000080f00000, 0x0000000080f00000|100%| O|  |TAMS 0x0000000080f00000, 0x0000000080e00000| Untracked 
|  15|0x0000000080f00000, 0x0000000081000000, 0x0000000081000000|100%| O|  |TAMS 0x0000000081000000, 0x0000000080f00000| Untracked 
|  16|0x0000000081000000, 0x0000000081100000, 0x0000000081100000|100%|HS|  |TAMS 0x0000000081100000, 0x0000000081000000| Complete 
|  17|0x0000000081100000, 0x0000000081200000, 0x0000000081200000|100%|HC|  |TAMS 0x0000000081200000, 0x0000000081100000| Complete 
|  18|0x0000000081200000, 0x0000000081300000, 0x0000000081300000|100%|HS|  |TAMS 0x0000000081300000, 0x0000000081200000| Complete 
|  19|0x0000000081300000, 0x0000000081400000, 0x0000000081400000|100%|HC|  |TAMS 0x0000000081400000, 0x0000000081300000| Complete 
|  20|0x0000000081400000, 0x0000000081500000, 0x0000000081500000|100%|HC|  |TAMS 0x0000000081500000, 0x0000000081400000| Complete 
|  21|0x0000000081500000, 0x0000000081600000, 0x0000000081600000|100%|HS|  |TAMS 0x0000000081600000, 0x0000000081500000| Complete 
|  22|0x0000000081600000, 0x0000000081700000, 0x0000000081700000|100%|HC|  |TAMS 0x0000000081700000, 0x0000000081600000| Complete 
|  23|0x0000000081700000, 0x0000000081800000, 0x0000000081800000|100%|HC|  |TAMS 0x0000000081800000, 0x0000000081700000| Complete 
|  24|0x0000000081800000, 0x0000000081900000, 0x0000000081900000|100%|HC|  |TAMS 0x0000000081900000, 0x0000000081800000| Complete 
|  25|0x0000000081900000, 0x0000000081a00000, 0x0000000081a00000|100%| O|  |TAMS 0x0000000081a00000, 0x0000000081900000| Untracked 
|  26|0x0000000081a00000, 0x0000000081b00000, 0x0000000081b00000|100%| O|  |TAMS 0x0000000081b00000, 0x0000000081a00000| Untracked 
|  27|0x0000000081b00000, 0x0000000081c00000, 0x0000000081c00000|100%| O|  |TAMS 0x0000000081c00000, 0x0000000081b00000| Untracked 
|  28|0x0000000081c00000, 0x0000000081d00000, 0x0000000081d00000|100%| O|  |TAMS 0x0000000081d00000, 0x0000000081c00000| Untracked 
|  29|0x0000000081d00000, 0x0000000081e00000, 0x0000000081e00000|100%| O|  |TAMS 0x0000000081e00000, 0x0000000081d00000| Untracked 
|  30|0x0000000081e00000, 0x0000000081f00000, 0x0000000081f00000|100%| O|  |TAMS 0x0000000081f00000, 0x0000000081e00000| Complete 
|  31|0x0000000081f00000, 0x0000000082000000, 0x0000000082000000|100%| O|  |TAMS 0x0000000082000000, 0x0000000081f00000| Untracked 
|  32|0x0000000082000000, 0x0000000082100000, 0x0000000082100000|100%| O|  |TAMS 0x0000000082100000, 0x0000000082000000| Complete 
|  33|0x0000000082100000, 0x0000000082200000, 0x0000000082200000|100%| O|  |TAMS 0x0000000082200000, 0x0000000082100000| Untracked 
|  34|0x0000000082200000, 0x0000000082300000, 0x0000000082300000|100%| O|  |TAMS 0x0000000082300000, 0x0000000082200000| Complete 
|  35|0x0000000082300000, 0x0000000082400000, 0x0000000082400000|100%| O|  |TAMS 0x0000000082400000, 0x0000000082300000| Complete 
|  36|0x0000000082400000, 0x0000000082500000, 0x0000000082500000|100%| O|  |TAMS 0x0000000082400000, 0x0000000082400000| Untracked 
|  37|0x0000000082500000, 0x0000000082600000, 0x0000000082600000|100%| O|  |TAMS 0x0000000082600000, 0x0000000082500000| Complete 
|  38|0x0000000082600000, 0x0000000082700000, 0x0000000082700000|100%| O|  |TAMS 0x0000000082700000, 0x0000000082600000| Complete 
|  39|0x0000000082700000, 0x0000000082800000, 0x0000000082800000|100%| O|  |TAMS 0x0000000082800000, 0x0000000082700000| Complete 
|  40|0x0000000082800000, 0x0000000082900000, 0x0000000082900000|100%| O|  |TAMS 0x0000000082900000, 0x0000000082800000| Complete 
|  41|0x0000000082900000, 0x0000000082a00000, 0x0000000082a00000|100%| O|  |TAMS 0x0000000082a00000, 0x0000000082900000| Complete 
|  42|0x0000000082a00000, 0x0000000082b00000, 0x0000000082b00000|100%| O|  |TAMS 0x0000000082b00000, 0x0000000082a00000| Complete 
|  43|0x0000000082b00000, 0x0000000082c00000, 0x0000000082c00000|100%| O|  |TAMS 0x0000000082c00000, 0x0000000082b00000| Complete 
|  44|0x0000000082c00000, 0x0000000082d00000, 0x0000000082d00000|100%| O|  |TAMS 0x0000000082d00000, 0x0000000082c00000| Complete 
|  45|0x0000000082d00000, 0x0000000082e00000, 0x0000000082e00000|100%| O|  |TAMS 0x0000000082e00000, 0x0000000082d00000| Complete 
|  46|0x0000000082e00000, 0x0000000082f00000, 0x0000000082f00000|100%| O|  |TAMS 0x0000000082f00000, 0x0000000082e00000| Complete 
|  47|0x0000000082f00000, 0x0000000083000000, 0x0000000083000000|100%| O|  |TAMS 0x0000000083000000, 0x0000000082f00000| Complete 
|  48|0x0000000083000000, 0x0000000083100000, 0x0000000083100000|100%| O|  |TAMS 0x0000000083100000, 0x0000000083000000| Complete 
|  49|0x0000000083100000, 0x0000000083200000, 0x0000000083200000|100%| O|  |TAMS 0x0000000083200000, 0x0000000083100000| Complete 
|  50|0x0000000083200000, 0x0000000083300000, 0x0000000083300000|100%| O|  |TAMS 0x0000000083300000, 0x0000000083200000| Complete 
|  51|0x0000000083300000, 0x0000000083400000, 0x0000000083400000|100%| O|  |TAMS 0x0000000083400000, 0x0000000083300000| Complete 
|  52|0x0000000083400000, 0x0000000083500000, 0x0000000083500000|100%| O|  |TAMS 0x0000000083500000, 0x0000000083400000| Complete 
|  53|0x0000000083500000, 0x0000000083600000, 0x0000000083600000|100%| O|  |TAMS 0x0000000083600000, 0x0000000083500000| Complete 
|  54|0x0000000083600000, 0x0000000083700000, 0x0000000083700000|100%| O|  |TAMS 0x0000000083700000, 0x0000000083600000| Complete 
|  55|0x0000000083700000, 0x0000000083800000, 0x0000000083800000|100%| O|  |TAMS 0x0000000083800000, 0x0000000083700000| Untracked 
|  56|0x0000000083800000, 0x0000000083900000, 0x0000000083900000|100%| O|  |TAMS 0x0000000083900000, 0x0000000083800000| Untracked 
|  57|0x0000000083900000, 0x0000000083a00000, 0x0000000083a00000|100%| O|  |TAMS 0x0000000083a00000, 0x0000000083900000| Untracked 
|  58|0x0000000083a00000, 0x0000000083b00000, 0x0000000083b00000|100%| O|  |TAMS 0x0000000083b00000, 0x0000000083a00000| Untracked 
|  59|0x0000000083b00000, 0x0000000083c00000, 0x0000000083c00000|100%| O|  |TAMS 0x0000000083c00000, 0x0000000083b00000| Complete 
|  60|0x0000000083c00000, 0x0000000083d00000, 0x0000000083d00000|100%| O|  |TAMS 0x0000000083d00000, 0x0000000083c00000| Complete 
|  61|0x0000000083d00000, 0x0000000083e00000, 0x0000000083e00000|100%| O|  |TAMS 0x0000000083e00000, 0x0000000083d00000| Complete 
|  62|0x0000000083e00000, 0x0000000083f00000, 0x0000000083f00000|100%| O|  |TAMS 0x0000000083f00000, 0x0000000083e00000| Complete 
|  63|0x0000000083f00000, 0x0000000084000000, 0x0000000084000000|100%| O|  |TAMS 0x0000000084000000, 0x0000000083f00000| Complete 
|  64|0x0000000084000000, 0x0000000084100000, 0x0000000084100000|100%| O|  |TAMS 0x0000000084100000, 0x0000000084000000| Untracked 
|  65|0x0000000084100000, 0x0000000084200000, 0x0000000084200000|100%| O|  |TAMS 0x0000000084200000, 0x0000000084100000| Untracked 
|  66|0x0000000084200000, 0x0000000084300000, 0x0000000084300000|100%| O|  |TAMS 0x0000000084300000, 0x0000000084200000| Untracked 
|  67|0x0000000084300000, 0x0000000084400000, 0x0000000084400000|100%| O|  |TAMS 0x0000000084400000, 0x0000000084300000| Untracked 
|  68|0x0000000084400000, 0x0000000084500000, 0x0000000084500000|100%| O|  |TAMS 0x0000000084500000, 0x0000000084400000| Untracked 
|  69|0x0000000084500000, 0x0000000084600000, 0x0000000084600000|100%| O|  |TAMS 0x0000000084600000, 0x0000000084500000| Complete 
|  70|0x0000000084600000, 0x0000000084700000, 0x0000000084700000|100%| O|  |TAMS 0x00000000846d7a00, 0x0000000084600000| Untracked 
|  71|0x0000000084700000, 0x0000000084800000, 0x0000000084800000|100%| O|  |TAMS 0x0000000084700000, 0x0000000084700000| Untracked 
|  72|0x0000000084800000, 0x0000000084900000, 0x0000000084900000|100%| O|  |TAMS 0x0000000084800000, 0x0000000084800000| Untracked 
|  73|0x0000000084900000, 0x0000000084a00000, 0x0000000084a00000|100%| O|  |TAMS 0x0000000084900000, 0x0000000084900000| Untracked 
|  74|0x0000000084a00000, 0x0000000084b00000, 0x0000000084b00000|100%| O|  |TAMS 0x0000000084a00000, 0x0000000084a00000| Untracked 
|  75|0x0000000084b00000, 0x0000000084b00000, 0x0000000084c00000|  0%| F|  |TAMS 0x0000000084b00000, 0x0000000084b00000| Untracked 
|  76|0x0000000084c00000, 0x0000000084c00000, 0x0000000084d00000|  0%| F|  |TAMS 0x0000000084c00000, 0x0000000084c00000| Untracked 
|  77|0x0000000084d00000, 0x0000000084d00000, 0x0000000084e00000|  0%| F|  |TAMS 0x0000000084d00000, 0x0000000084d00000| Untracked 
|  78|0x0000000084e00000, 0x0000000084e00000, 0x0000000084f00000|  0%| F|  |TAMS 0x0000000084e00000, 0x0000000084e00000| Untracked 
|  79|0x0000000084f00000, 0x0000000084f00000, 0x0000000085000000|  0%| F|  |TAMS 0x0000000084f00000, 0x0000000084f00000| Untracked 
|  80|0x0000000085000000, 0x0000000085000000, 0x0000000085100000|  0%| F|  |TAMS 0x0000000085000000, 0x0000000085000000| Untracked 
|  81|0x0000000085100000, 0x0000000085100000, 0x0000000085200000|  0%| F|  |TAMS 0x0000000085100000, 0x0000000085100000| Untracked 
|  82|0x0000000085200000, 0x0000000085200000, 0x0000000085300000|  0%| F|  |TAMS 0x0000000085200000, 0x0000000085200000| Untracked 
|  83|0x0000000085300000, 0x0000000085300000, 0x0000000085400000|  0%| F|  |TAMS 0x0000000085300000, 0x0000000085300000| Untracked 
|  84|0x0000000085400000, 0x0000000085400000, 0x0000000085500000|  0%| F|  |TAMS 0x0000000085400000, 0x0000000085400000| Untracked 
|  85|0x0000000085500000, 0x0000000085500000, 0x0000000085600000|  0%| F|  |TAMS 0x0000000085500000, 0x0000000085500000| Untracked 
|  86|0x0000000085600000, 0x0000000085600000, 0x0000000085700000|  0%| F|  |TAMS 0x0000000085600000, 0x0000000085600000| Untracked 
|  87|0x0000000085700000, 0x0000000085700000, 0x0000000085800000|  0%| F|  |TAMS 0x0000000085700000, 0x0000000085700000| Untracked 
|  88|0x0000000085800000, 0x0000000085800000, 0x0000000085900000|  0%| F|  |TAMS 0x0000000085800000, 0x0000000085800000| Untracked 
|  89|0x0000000085900000, 0x0000000085900000, 0x0000000085a00000|  0%| F|  |TAMS 0x0000000085900000, 0x0000000085900000| Untracked 
|  90|0x0000000085a00000, 0x0000000085a00000, 0x0000000085b00000|  0%| F|  |TAMS 0x0000000085a00000, 0x0000000085a00000| Untracked 
|  91|0x0000000085b00000, 0x0000000085b00000, 0x0000000085c00000|  0%| F|  |TAMS 0x0000000085b00000, 0x0000000085b00000| Untracked 
|  92|0x0000000085c00000, 0x0000000085c00000, 0x0000000085d00000|  0%| F|  |TAMS 0x0000000085c00000, 0x0000000085c00000| Untracked 
|  93|0x0000000085d00000, 0x0000000085d00000, 0x0000000085e00000|  0%| F|  |TAMS 0x0000000085d00000, 0x0000000085d00000| Untracked 
|  94|0x0000000085e00000, 0x0000000085e00000, 0x0000000085f00000|  0%| F|  |TAMS 0x0000000085e00000, 0x0000000085e00000| Untracked 
|  95|0x0000000085f00000, 0x0000000085f00000, 0x0000000086000000|  0%| F|  |TAMS 0x0000000085f00000, 0x0000000085f00000| Untracked 
|  96|0x0000000086000000, 0x0000000086000000, 0x0000000086100000|  0%| F|  |TAMS 0x0000000086000000, 0x0000000086000000| Untracked 
|  97|0x0000000086100000, 0x0000000086100000, 0x0000000086200000|  0%| F|  |TAMS 0x0000000086100000, 0x0000000086100000| Untracked 
|  98|0x0000000086200000, 0x0000000086200000, 0x0000000086300000|  0%| F|  |TAMS 0x0000000086200000, 0x0000000086200000| Untracked 
|  99|0x0000000086300000, 0x0000000086300000, 0x0000000086400000|  0%| F|  |TAMS 0x0000000086300000, 0x0000000086300000| Untracked 
| 100|0x0000000086400000, 0x0000000086500000, 0x0000000086500000|100%| S|CS|TAMS 0x0000000086400000, 0x0000000086400000| Complete 
| 101|0x0000000086500000, 0x0000000086600000, 0x0000000086600000|100%| S|CS|TAMS 0x0000000086500000, 0x0000000086500000| Complete 
| 102|0x0000000086600000, 0x0000000086700000, 0x0000000086700000|100%| S|CS|TAMS 0x0000000086600000, 0x0000000086600000| Complete 
| 103|0x0000000086700000, 0x0000000086800000, 0x0000000086800000|100%| S|CS|TAMS 0x0000000086700000, 0x0000000086700000| Complete 
| 104|0x0000000086800000, 0x0000000086800000, 0x0000000086900000|  0%| F|  |TAMS 0x0000000086800000, 0x0000000086800000| Untracked 
| 105|0x0000000086900000, 0x0000000086900000, 0x0000000086a00000|  0%| F|  |TAMS 0x0000000086900000, 0x0000000086900000| Untracked 
| 106|0x0000000086a00000, 0x0000000086a00000, 0x0000000086b00000|  0%| F|  |TAMS 0x0000000086a00000, 0x0000000086a00000| Untracked 
| 107|0x0000000086b00000, 0x0000000086b00000, 0x0000000086c00000|  0%| F|  |TAMS 0x0000000086b00000, 0x0000000086b00000| Untracked 
| 108|0x0000000086c00000, 0x0000000086c00000, 0x0000000086d00000|  0%| F|  |TAMS 0x0000000086c00000, 0x0000000086c00000| Untracked 
| 109|0x0000000086d00000, 0x0000000086d00000, 0x0000000086e00000|  0%| F|  |TAMS 0x0000000086d00000, 0x0000000086d00000| Untracked 
| 110|0x0000000086e00000, 0x0000000086e00000, 0x0000000086f00000|  0%| F|  |TAMS 0x0000000086e00000, 0x0000000086e00000| Untracked 
| 111|0x0000000086f00000, 0x0000000086f00000, 0x0000000087000000|  0%| F|  |TAMS 0x0000000086f00000, 0x0000000086f00000| Untracked 
| 112|0x0000000087000000, 0x0000000087000000, 0x0000000087100000|  0%| F|  |TAMS 0x0000000087000000, 0x0000000087000000| Untracked 
| 113|0x0000000087100000, 0x0000000087100000, 0x0000000087200000|  0%| F|  |TAMS 0x0000000087100000, 0x0000000087100000| Untracked 
| 114|0x0000000087200000, 0x0000000087200000, 0x0000000087300000|  0%| F|  |TAMS 0x0000000087200000, 0x0000000087200000| Untracked 
| 115|0x0000000087300000, 0x0000000087300000, 0x0000000087400000|  0%| F|  |TAMS 0x0000000087300000, 0x0000000087300000| Untracked 
| 116|0x0000000087400000, 0x0000000087400000, 0x0000000087500000|  0%| F|  |TAMS 0x0000000087400000, 0x0000000087400000| Untracked 
| 117|0x0000000087500000, 0x0000000087500000, 0x0000000087600000|  0%| F|  |TAMS 0x0000000087500000, 0x0000000087500000| Untracked 
| 118|0x0000000087600000, 0x0000000087600000, 0x0000000087700000|  0%| F|  |TAMS 0x0000000087600000, 0x0000000087600000| Untracked 
| 119|0x0000000087700000, 0x0000000087700000, 0x0000000087800000|  0%| F|  |TAMS 0x0000000087700000, 0x0000000087700000| Untracked 
| 120|0x0000000087800000, 0x0000000087800000, 0x0000000087900000|  0%| F|  |TAMS 0x0000000087800000, 0x0000000087800000| Untracked 
| 121|0x0000000087900000, 0x0000000087900000, 0x0000000087a00000|  0%| F|  |TAMS 0x0000000087900000, 0x0000000087900000| Untracked 
| 122|0x0000000087a00000, 0x0000000087a00000, 0x0000000087b00000|  0%| F|  |TAMS 0x0000000087a00000, 0x0000000087a00000| Untracked 
| 123|0x0000000087b00000, 0x0000000087b00000, 0x0000000087c00000|  0%| F|  |TAMS 0x0000000087b00000, 0x0000000087b00000| Untracked 
| 124|0x0000000087c00000, 0x0000000087c00000, 0x0000000087d00000|  0%| F|  |TAMS 0x0000000087c00000, 0x0000000087c00000| Untracked 
| 125|0x0000000087d00000, 0x0000000087d00000, 0x0000000087e00000|  0%| F|  |TAMS 0x0000000087d00000, 0x0000000087d00000| Untracked 

Card table byte_map: [0x0000019525280000,0x0000019525680000] _byte_map_base: 0x0000019524e80000

Marking Bits (Prev, Next): (CMBitMap*) 0x000001951220b540, (CMBitMap*) 0x000001951220b508
 Prev Bits: [0x0000019527a80000, 0x0000019529a80000)
 Next Bits: [0x0000019525a80000, 0x0000019527a80000)

Polling page: 0x0000019510140000

Metaspace:

Usage:
  Non-class:     37.73 MB capacity,    37.17 MB ( 99%) used,   480.87 KB (  1%) free+waste,    85.00 KB ( <1%) overhead. 
      Class:      5.55 MB capacity,     5.24 MB ( 94%) used,   279.21 KB (  5%) free+waste,    40.19 KB ( <1%) overhead. 
       Both:     43.28 MB capacity,    42.41 MB ( 98%) used,   760.08 KB (  2%) free+waste,   125.19 KB ( <1%) overhead. 

Virtual space:
  Non-class space:       38.00 MB reserved,      37.92 MB (>99%) committed 
      Class space:        1.00 GB reserved,       5.63 MB ( <1%) committed 
             Both:        1.04 GB reserved,      43.54 MB (  4%) committed 

Chunk freelists:
   Non-Class:  32.00 KB
       Class:  16.00 KB
        Both:  48.00 KB

MaxMetaspaceSize: 17179869184.00 GB
CompressedClassSpaceSize: 1.00 GB

CodeHeap 'non-profiled nmethods': size=120000Kb used=2111Kb max_used=2111Kb free=117888Kb
 bounds [0x000001951d610000, 0x000001951d880000, 0x0000019524b40000]
CodeHeap 'profiled nmethods': size=120000Kb used=7855Kb max_used=7855Kb free=112144Kb
 bounds [0x00000195160e0000, 0x0000019516890000, 0x000001951d610000]
CodeHeap 'non-nmethods': size=5760Kb used=2208Kb max_used=2266Kb free=3551Kb
 bounds [0x0000019515b40000, 0x0000019515db0000, 0x00000195160e0000]
 total_blobs=4490 nmethods=3707 adapters=693
 compilation: enabled
              stopped_count=0, restarted_count=0
 full_count=0

Compilation events (20 events):
Event: 8.202 Thread 0x000001952fe40800 3922   !   4       java.util.zip.Inflater$InflaterZStreamRef::get (52 bytes)
Event: 8.205 Thread 0x000001952fe40800 nmethod 3922 0x000001951d818f90 code [0x000001951d819140, 0x000001951d819468]
Event: 8.228 Thread 0x000001952ce58000 3923       4       jdk.internal.ref.PhantomCleanable::clean (16 bytes)
Event: 8.228 Thread 0x000001952fe40800 3924       4       jdk.internal.ref.CleanerImpl$PhantomCleanableRef::performCleanup (10 bytes)
Event: 8.228 Thread 0x000001952fe40800 nmethod 3924 0x000001951d819610 code [0x000001951d8197a0, 0x000001951d819838]
Event: 8.233 Thread 0x000001952ce58000 nmethod 3923 0x000001951d819910 code [0x000001951d819ac0, 0x000001951d81a178]
Event: 8.376 Thread 0x000001952fe40800 3926   !   4       java.util.zip.ZipFile$CleanableResource::releaseInflater (53 bytes)
Event: 8.376 Thread 0x000001952ce58000 3925       4       java.util.zip.ZipFile$InflaterCleanupAction::run (12 bytes)
Event: 8.391 Thread 0x000001952ce58000 nmethod 3925 0x000001951d81a310 code [0x000001951d81a500, 0x000001951d81bb78]
Event: 8.392 Thread 0x000001952ce58000 3927   !   4       java.lang.ref.ReferenceQueue::remove (125 bytes)
Event: 8.399 Thread 0x000001952fe40800 nmethod 3926 0x000001951d81c210 code [0x000001951d81c400, 0x000001951d81d978]
Event: 8.399 Thread 0x000001952fe40800 3928   !   4       jdk.internal.ref.PhantomCleanable::isListEmpty (34 bytes)
Event: 8.400 Thread 0x000001952fe40800 nmethod 3928 0x000001951d81e010 code [0x000001951d81e1a0, 0x000001951d81e418]
Event: 8.402 Thread 0x000001952ce58000 nmethod 3927 0x000001951d81e510 code [0x000001951d81e700, 0x000001951d81f060]
Event: 8.427 Thread 0x000001952ce60800 3929       1       javax.management.ObjectName$Property::setKeyIndex (6 bytes)
Event: 8.427 Thread 0x000001952ce60800 nmethod 3929 0x000001951d81f390 code [0x000001951d81f540, 0x000001951d81f5f8]
Event: 8.427 Thread 0x000001952ce60800 3930       1       java.util.Spliterators$EmptySpliterator::characteristics (4 bytes)
Event: 8.427 Thread 0x000001952ce60800 nmethod 3930 0x000001951d81f690 code [0x000001951d81f840, 0x000001951d81f8f8]
Event: 8.427 Thread 0x000001952ce60800 3931       1       sun.management.MemoryPoolImpl::getName (5 bytes)
Event: 8.427 Thread 0x000001952ce60800 nmethod 3931 0x000001951d81f990 code [0x000001951d81fb40, 0x000001951d81fbf8]

GC Heap History (20 events):
Event: 6.490 GC heap after
{Heap after GC invocations=9 (full 0):
 garbage-first heap   total 129024K, used 35520K [0x0000000080000000, 0x0000000100000000)
  region size 1024K, 6 young (6144K), 6 survivors (6144K)
 Metaspace       used 42744K, capacity 43674K, committed 43820K, reserved 1087488K
  class space    used 5319K, capacity 5643K, committed 5760K, reserved 1048576K
}
Event: 6.675 GC heap before
{Heap before GC invocations=9 (full 0):
 garbage-first heap   total 129024K, used 83648K [0x0000000080000000, 0x0000000100000000)
  region size 1024K, 53 young (54272K), 6 survivors (6144K)
 Metaspace       used 42766K, capacity 43674K, committed 43820K, reserved 1087488K
  class space    used 5320K, capacity 5643K, committed 5760K, reserved 1048576K
}
Event: 6.680 GC heap after
{Heap after GC invocations=10 (full 0):
 garbage-first heap   total 129024K, used 36963K [0x0000000080000000, 0x0000000100000000)
  region size 1024K, 2 young (2048K), 2 survivors (2048K)
 Metaspace       used 42766K, capacity 43674K, committed 43820K, reserved 1087488K
  class space    used 5320K, capacity 5643K, committed 5760K, reserved 1048576K
}
Event: 6.782 GC heap before
{Heap before GC invocations=10 (full 0):
 garbage-first heap   total 129024K, used 88163K [0x0000000080000000, 0x0000000100000000)
  region size 1024K, 52 young (53248K), 2 survivors (2048K)
 Metaspace       used 42766K, capacity 43674K, committed 43820K, reserved 1087488K
  class space    used 5320K, capacity 5643K, committed 5760K, reserved 1048576K
}
Event: 6.784 GC heap after
{Heap after GC invocations=11 (full 0):
 garbage-first heap   total 129024K, used 37773K [0x0000000080000000, 0x0000000100000000)
  region size 1024K, 3 young (3072K), 3 survivors (3072K)
 Metaspace       used 42766K, capacity 43674K, committed 43820K, reserved 1087488K
  class space    used 5320K, capacity 5643K, committed 5760K, reserved 1048576K
}
Event: 6.893 GC heap before
{Heap before GC invocations=11 (full 0):
 garbage-first heap   total 129024K, used 92045K [0x0000000080000000, 0x0000000100000000)
  region size 1024K, 56 young (57344K), 3 survivors (3072K)
 Metaspace       used 42792K, capacity 43738K, committed 44076K, reserved 1087488K
  class space    used 5323K, capacity 5643K, committed 5760K, reserved 1048576K
}
Event: 6.895 GC heap after
{Heap after GC invocations=12 (full 0):
 garbage-first heap   total 129024K, used 39040K [0x0000000080000000, 0x0000000100000000)
  region size 1024K, 4 young (4096K), 4 survivors (4096K)
 Metaspace       used 42792K, capacity 43738K, committed 44076K, reserved 1087488K
  class space    used 5323K, capacity 5643K, committed 5760K, reserved 1048576K
}
Event: 7.054 GC heap before
{Heap before GC invocations=12 (full 0):
 garbage-first heap   total 129024K, used 95360K [0x0000000080000000, 0x0000000100000000)
  region size 1024K, 59 young (60416K), 4 survivors (4096K)
 Metaspace       used 42796K, capacity 43738K, committed 44076K, reserved 1087488K
  class space    used 5323K, capacity 5643K, committed 5760K, reserved 1048576K
}
Event: 7.057 GC heap after
{Heap after GC invocations=13 (full 0):
 garbage-first heap   total 129024K, used 40470K [0x0000000080000000, 0x0000000100000000)
  region size 1024K, 5 young (5120K), 5 survivors (5120K)
 Metaspace       used 42796K, capacity 43738K, committed 44076K, reserved 1087488K
  class space    used 5323K, capacity 5643K, committed 5760K, reserved 1048576K
}
Event: 7.785 GC heap before
{Heap before GC invocations=13 (full 0):
 garbage-first heap   total 129024K, used 97814K [0x0000000080000000, 0x0000000100000000)
  region size 1024K, 61 young (62464K), 5 survivors (5120K)
 Metaspace       used 43457K, capacity 44362K, committed 44588K, reserved 1087488K
  class space    used 5375K, capacity 5698K, committed 5760K, reserved 1048576K
}
Event: 7.788 GC heap after
{Heap after GC invocations=14 (full 0):
 garbage-first heap   total 129024K, used 42287K [0x0000000080000000, 0x0000000100000000)
  region size 1024K, 6 young (6144K), 6 survivors (6144K)
 Metaspace       used 43457K, capacity 44362K, committed 44588K, reserved 1087488K
  class space    used 5375K, capacity 5698K, committed 5760K, reserved 1048576K
}
Event: 8.059 GC heap before
{Heap before GC invocations=14 (full 0):
 garbage-first heap   total 129024K, used 99631K [0x0000000080000000, 0x0000000100000000)
  region size 1024K, 62 young (63488K), 6 survivors (6144K)
 Metaspace       used 43462K, capacity 44362K, committed 44588K, reserved 1087488K
  class space    used 5375K, capacity 5698K, committed 5760K, reserved 1048576K
}
Event: 8.065 GC heap after
{Heap after GC invocations=15 (full 0):
 garbage-first heap   total 129024K, used 53808K [0x0000000080000000, 0x0000000100000000)
  region size 1024K, 8 young (8192K), 8 survivors (8192K)
 Metaspace       used 43462K, capacity 44362K, committed 44588K, reserved 1087488K
  class space    used 5375K, capacity 5698K, committed 5760K, reserved 1048576K
}
Event: 8.219 GC heap before
{Heap before GC invocations=15 (full 0):
 garbage-first heap   total 129024K, used 97840K [0x0000000080000000, 0x0000000100000000)
  region size 1024K, 51 young (52224K), 8 survivors (8192K)
 Metaspace       used 43462K, capacity 44362K, committed 44588K, reserved 1087488K
  class space    used 5375K, capacity 5698K, committed 5760K, reserved 1048576K
}
Event: 8.227 GC heap after
{Heap after GC invocations=16 (full 0):
 garbage-first heap   total 129024K, used 63322K [0x0000000080000000, 0x0000000100000000)
  region size 1024K, 7 young (7168K), 7 survivors (7168K)
 Metaspace       used 43462K, capacity 44362K, committed 44588K, reserved 1087488K
  class space    used 5375K, capacity 5698K, committed 5760K, reserved 1048576K
}
Event: 8.371 GC heap before
{Heap before GC invocations=16 (full 0):
 garbage-first heap   total 129024K, used 96090K [0x0000000080000000, 0x0000000100000000)
  region size 1024K, 39 young (39936K), 7 survivors (7168K)
 Metaspace       used 43462K, capacity 44362K, committed 44588K, reserved 1087488K
  class space    used 5375K, capacity 5698K, committed 5760K, reserved 1048576K
}
Event: 8.375 GC heap after
{Heap after GC invocations=17 (full 0):
 garbage-first heap   total 129024K, used 70656K [0x0000000080000000, 0x0000000100000000)
  region size 1024K, 5 young (5120K), 5 survivors (5120K)
 Metaspace       used 43462K, capacity 44362K, committed 44588K, reserved 1087488K
  class space    used 5375K, capacity 5698K, committed 5760K, reserved 1048576K
}
Event: 8.480 GC heap before
{Heap before GC invocations=17 (full 0):
 garbage-first heap   total 129024K, used 98304K [0x0000000080000000, 0x0000000100000000)
  region size 1024K, 32 young (32768K), 5 survivors (5120K)
 Metaspace       used 43462K, capacity 44362K, committed 44588K, reserved 1087488K
  class space    used 5375K, capacity 5698K, committed 5760K, reserved 1048576K
}
Event: 8.484 GC heap after
{Heap after GC invocations=18 (full 0):
 garbage-first heap   total 129024K, used 76638K [0x0000000080000000, 0x0000000100000000)
  region size 1024K, 4 young (4096K), 4 survivors (4096K)
 Metaspace       used 43462K, capacity 44362K, committed 44588K, reserved 1087488K
  class space    used 5375K, capacity 5698K, committed 5760K, reserved 1048576K
}
Event: 8.575 GC heap before
{Heap before GC invocations=19 (full 0):
 garbage-first heap   total 129024K, used 98142K [0x0000000080000000, 0x0000000100000000)
  region size 1024K, 26 young (26624K), 4 survivors (4096K)
 Metaspace       used 43428K, capacity 44314K, committed 44588K, reserved 1087488K
  class space    used 5362K, capacity 5682K, committed 5760K, reserved 1048576K
}

Deoptimization events (20 events):
Event: 7.443 Thread 0x000001952e7b0800 DEOPT PACKING pc=0x000001951d7dd478 sp=0x000000396bff9ff0
Event: 7.443 Thread 0x000001952e7b0800 DEOPT UNPACKING pc=0x0000019515b674af sp=0x000000396bff9e78 mode 2
Event: 7.443 Thread 0x000001952e7b0800 Uncommon trap: trap_request=0xffffff7e fr.pc=0x000001951d7dcccc relative=0x00000000000000ac
Event: 7.443 Thread 0x000001952e7b0800 Uncommon trap: reason=predicate action=maybe_recompile pc=0x000001951d7dcccc method=groovyjarjarantlr.InputBuffer.syncConsume()V @ 4 c2
Event: 7.443 Thread 0x000001952e7b0800 DEOPT PACKING pc=0x000001951d7dcccc sp=0x000000396bff9fb0
Event: 7.443 Thread 0x000001952e7b0800 DEOPT UNPACKING pc=0x0000019515b674af sp=0x000000396bff9f50 mode 2
Event: 7.443 Thread 0x000001952e7b0800 Uncommon trap: trap_request=0xffffff7e fr.pc=0x000001951d7dc408 relative=0x00000000000003e8
Event: 7.443 Thread 0x000001952e7b0800 Uncommon trap: reason=predicate action=maybe_recompile pc=0x000001951d7dc408 method=groovyjarjarantlr.InputBuffer.syncConsume()V @ 4 c2
Event: 7.443 Thread 0x000001952e7b0800 DEOPT PACKING pc=0x000001951d7dc408 sp=0x000000396bff9f20
Event: 7.443 Thread 0x000001952e7b0800 DEOPT UNPACKING pc=0x0000019515b674af sp=0x000000396bff9e58 mode 2
Event: 7.464 Thread 0x000001952e7b0800 Uncommon trap: trap_request=0xffffff4d fr.pc=0x000001951d7bf68c relative=0x000000000000006c
Event: 7.464 Thread 0x000001952e7b0800 Uncommon trap: reason=unstable_if action=reinterpret pc=0x000001951d7bf68c method=java.nio.ByteBuffer.order(Ljava/nio/ByteOrder;)Ljava/nio/ByteBuffer; @ 5 c2
Event: 7.464 Thread 0x000001952e7b0800 DEOPT PACKING pc=0x000001951d7bf68c sp=0x000000396bffa0d0
Event: 7.464 Thread 0x000001952e7b0800 DEOPT UNPACKING pc=0x0000019515b674af sp=0x000000396bffa060 mode 2
Event: 7.467 Thread 0x000001952e7b0800 DEOPT PACKING pc=0x0000019516508d82 sp=0x000000396bff94a0
Event: 7.467 Thread 0x000001952e7b0800 DEOPT UNPACKING pc=0x0000019515b672ce sp=0x000000396bff8998 mode 0
Event: 7.565 Thread 0x000001952e7b0800 DEOPT PACKING pc=0x00000195161111e8 sp=0x000000396bffb1c0
Event: 7.565 Thread 0x000001952e7b0800 DEOPT UNPACKING pc=0x0000019515b672ce sp=0x000000396bffa6c8 mode 0
Event: 7.570 Thread 0x0000019530138000 DEOPT PACKING pc=0x000001951644089b sp=0x000000396e1feda0
Event: 7.570 Thread 0x0000019530138000 DEOPT UNPACKING pc=0x0000019515b672ce sp=0x000000396e1fe2e0 mode 0

Classes redefined (0 events):
No events

Internal exceptions (20 events):
Event: 5.820 Thread 0x000001952e7b0800 Exception <a 'java/lang/ClassNotFoundException'{0x0000000085a4ee48}: org/gradle/api/internal/artifacts/dsl/dependencies/DefaultDependencyHandlerCustomizer> (0x0000000085a4ee48) thrown at [./src/hotspot/share/classfile/systemDictionary.cpp, line 231]
Event: 5.822 Thread 0x000001952e7b0800 Exception <a 'java/lang/ClassNotFoundException'{0x0000000085a9daf0}: org/gradle/api/internal/artifacts/dsl/dependencies/DefaultDependencyHandler_DecoratedCustomizer> (0x0000000085a9daf0) thrown at [./src/hotspot/share/classfile/systemDictionary.cpp, line 231]
Event: 5.918 Thread 0x000001952e7b0800 Exception <a 'java/lang/NoSuchMethodError'{0x0000000084f155c0}: 'int java.lang.invoke.DirectMethodHandle$Holder.invokeInterface(java.lang.Object, java.lang.Object)'> (0x0000000084f155c0) thrown at [./src/hotspot/share/interpreter/linkResolver.cpp, line 773]
Event: 5.918 Thread 0x000001952e7b0800 Exception <a 'java/lang/IncompatibleClassChangeError'{0x0000000084f18df8}: Found class java.lang.Object, but interface was expected> (0x0000000084f18df8) thrown at [./src/hotspot/share/interpreter/linkResolver.cpp, line 839]
Event: 6.055 Thread 0x000001952e7b0800 Exception <a 'java/lang/NoSuchMethodError'{0x0000000084b6cd28}: 'int java.lang.invoke.DirectMethodHandle$Holder.invokeStaticInit(java.lang.Object)'> (0x0000000084b6cd28) thrown at [./src/hotspot/share/interpreter/linkResolver.cpp, line 773]
Event: 7.226 Thread 0x000001952e7b0800 Implicit null exception at 0x000001951d73af94 to 0x000001951d73bae4
Event: 7.334 Thread 0x000001953013e000 Exception <a 'sun/nio/fs/WindowsException'{0x00000000854e8528}> (0x00000000854e8528) thrown at [./src/hotspot/share/prims/jni.cpp, line 615]
Event: 7.336 Thread 0x000001953013e000 Exception <a 'sun/nio/fs/WindowsException'{0x00000000854e8748}> (0x00000000854e8748) thrown at [./src/hotspot/share/prims/jni.cpp, line 615]
Event: 7.347 Thread 0x000001952e7b0800 Exception <a 'java/lang/ClassNotFoundException'{0x000000008533abe8}: sync_studio_tooling_dup1o2q01lqtxe1pvxdsg8zaaBeanInfo> (0x000000008533abe8) thrown at [./src/hotspot/share/classfile/systemDictionary.cpp, line 231]
Event: 7.347 Thread 0x000001952e7b0800 Exception <a 'java/lang/ClassNotFoundException'{0x0000000085343308}: sync_studio_tooling_dup1o2q01lqtxe1pvxdsg8zaaCustomizer> (0x0000000085343308) thrown at [./src/hotspot/share/classfile/systemDictionary.cpp, line 231]
Event: 7.379 Thread 0x000001952e7b0800 Exception <a 'java/lang/ClassNotFoundException'{0x0000000085263888}: org/gradle/invocation/DefaultGradle_DecoratedBeanInfo> (0x0000000085263888) thrown at [./src/hotspot/share/classfile/systemDictionary.cpp, line 231]
Event: 7.380 Thread 0x000001952e7b0800 Exception <a 'java/lang/ClassNotFoundException'{0x000000008527d748}: org/gradle/invocation/DefaultGradleBeanInfo> (0x000000008527d748) thrown at [./src/hotspot/share/classfile/systemDictionary.cpp, line 231]
Event: 7.381 Thread 0x000001952e7b0800 Exception <a 'java/lang/ClassNotFoundException'{0x000000008529b380}: org/gradle/api/internal/project/AbstractPluginAwareBeanInfo> (0x000000008529b380) thrown at [./src/hotspot/share/classfile/systemDictionary.cpp, line 231]
Event: 7.381 Thread 0x000001952e7b0800 Exception <a 'java/lang/ClassNotFoundException'{0x00000000852b82a0}: org/gradle/api/internal/project/AbstractPluginAwareCustomizer> (0x00000000852b82a0) thrown at [./src/hotspot/share/classfile/systemDictionary.cpp, line 231]
Event: 7.384 Thread 0x000001952e7b0800 Exception <a 'java/lang/ClassNotFoundException'{0x00000000852dabe8}: org/gradle/invocation/DefaultGradleCustomizer> (0x00000000852dabe8) thrown at [./src/hotspot/share/classfile/systemDictionary.cpp, line 231]
Event: 7.388 Thread 0x000001952e7b0800 Exception <a 'java/lang/ClassNotFoundException'{0x0000000085125640}: org/gradle/invocation/DefaultGradle_DecoratedCustomizer> (0x0000000085125640) thrown at [./src/hotspot/share/classfile/systemDictionary.cpp, line 231]
Event: 7.535 Thread 0x000001953013e000 Exception <a 'sun/nio/fs/WindowsException'{0x0000000084d08740}> (0x0000000084d08740) thrown at [./src/hotspot/share/prims/jni.cpp, line 615]
Event: 7.536 Thread 0x000001953013e000 Exception <a 'sun/nio/fs/WindowsException'{0x0000000084d08900}> (0x0000000084d08900) thrown at [./src/hotspot/share/prims/jni.cpp, line 615]
Event: 7.546 Thread 0x000001952e7b0800 Exception <a 'java/lang/ClassNotFoundException'{0x0000000084e7fa48}: ijinit_dzvt84kgve09m7xccufs0bwj9BeanInfo> (0x0000000084e7fa48) thrown at [./src/hotspot/share/classfile/systemDictionary.cpp, line 231]
Event: 7.546 Thread 0x000001952e7b0800 Exception <a 'java/lang/ClassNotFoundException'{0x0000000084d24f20}: ijinit_dzvt84kgve09m7xccufs0bwj9Customizer> (0x0000000084d24f20) thrown at [./src/hotspot/share/classfile/systemDictionary.cpp, line 231]

Events (20 events):
Event: 7.576 loading class sun/nio/ch/Util$4 done
Event: 7.755 loading class org/gradle/internal/snapshot/VfsRelativePath
Event: 7.755 loading class org/gradle/internal/snapshot/VfsRelativePath done
Event: 7.755 loading class org/gradle/internal/snapshot/VfsRelativePath
Event: 7.755 loading class org/gradle/internal/snapshot/VfsRelativePath done
Event: 7.784 Executing VM operation: G1CollectForAllocation
Event: 7.788 Executing VM operation: G1CollectForAllocation done
Event: 8.059 Executing VM operation: G1CollectForAllocation
Event: 8.065 Executing VM operation: G1CollectForAllocation done
Event: 8.219 Executing VM operation: G1CollectForAllocation
Event: 8.228 Executing VM operation: G1CollectForAllocation done
Event: 8.371 Executing VM operation: G1CollectForAllocation
Event: 8.375 Executing VM operation: G1CollectForAllocation done
Event: 8.480 Executing VM operation: G1CollectForAllocation
Event: 8.484 Executing VM operation: G1CollectForAllocation done
Event: 8.513 Executing VM operation: CGC_Operation
Event: 8.520 Executing VM operation: CGC_Operation done
Event: 8.537 Executing VM operation: CGC_Operation
Event: 8.537 Executing VM operation: CGC_Operation done
Event: 8.575 Executing VM operation: G1CollectForAllocation


Dynamic libraries:
0x00007ff798b00000 - 0x00007ff798b0a000 	C:\Program Files\Android\Android Studio\jre\bin\java.exe
0x00007ffe232c0000 - 0x00007ffe234b0000 	C:\Windows\SYSTEM32\ntdll.dll
0x00007ffe23080000 - 0x00007ffe23132000 	C:\Windows\System32\KERNEL32.DLL
0x00007ffe20a90000 - 0x00007ffe20d35000 	C:\Windows\System32\KERNELBASE.dll
0x00007ffe21080000 - 0x00007ffe2117a000 	C:\Windows\System32\ucrtbase.dll
0x00007ffe05c60000 - 0x00007ffe05c77000 	C:\Program Files\Android\Android Studio\jre\bin\VCRUNTIME140.dll
0x00007ffe01ed0000 - 0x00007ffe01ee9000 	C:\Program Files\Android\Android Studio\jre\bin\jli.dll
0x00007ffe22220000 - 0x00007ffe223b4000 	C:\Windows\System32\USER32.dll
0x00007ffe20e60000 - 0x00007ffe20e81000 	C:\Windows\System32\win32u.dll
0x00007ffe22460000 - 0x00007ffe22486000 	C:\Windows\System32\GDI32.dll
0x00007ffe21180000 - 0x00007ffe21318000 	C:\Windows\System32\gdi32full.dll
0x00007ffe20d40000 - 0x00007ffe20dde000 	C:\Windows\System32\msvcp_win.dll
0x00007ffe0cf90000 - 0x00007ffe0d214000 	C:\Windows\WinSxS\amd64_microsoft.windows.common-controls_6595b64144ccf1df_6.0.18362.1440_none_9e7dbfb9e45e8e67\COMCTL32.dll
0x00007ffe21fd0000 - 0x00007ffe2206e000 	C:\Windows\System32\msvcrt.dll
0x00007ffe22c00000 - 0x00007ffe22f36000 	C:\Windows\System32\combase.dll
0x00007ffe215e0000 - 0x00007ffe216ff000 	C:\Windows\System32\RPCRT4.dll
0x00007ffe20ff0000 - 0x00007ffe21071000 	C:\Windows\System32\bcryptPrimitives.dll
0x00007ffe23140000 - 0x00007ffe2316e000 	C:\Windows\System32\IMM32.DLL
0x00007ffdeb6b0000 - 0x00007ffdeb74d000 	C:\Program Files\Android\Android Studio\jre\bin\msvcp140.dll
0x00007ffdd75f0000 - 0x00007ffdd80ac000 	C:\Program Files\Android\Android Studio\jre\bin\server\jvm.dll
0x00007ffe21460000 - 0x00007ffe21503000 	C:\Windows\System32\ADVAPI32.dll
0x00007ffe223c0000 - 0x00007ffe22457000 	C:\Windows\System32\sechost.dll
0x00007ffe22780000 - 0x00007ffe22788000 	C:\Windows\System32\PSAPI.DLL
0x00007ffe1d920000 - 0x00007ffe1d944000 	C:\Windows\SYSTEM32\WINMM.dll
0x00007ffe18a00000 - 0x00007ffe18a0a000 	C:\Windows\SYSTEM32\VERSION.dll
0x00007ffe09a40000 - 0x00007ffe09a49000 	C:\Windows\SYSTEM32\WSOCK32.dll
0x00007ffe225b0000 - 0x00007ffe2261f000 	C:\Windows\System32\WS2_32.dll
0x00007ffe1d8f0000 - 0x00007ffe1d91d000 	C:\Windows\SYSTEM32\winmmbase.dll
0x00007ffe21320000 - 0x00007ffe2136a000 	C:\Windows\System32\cfgmgr32.dll
0x00007ffe201a0000 - 0x00007ffe201b1000 	C:\Windows\System32\kernel.appcore.dll
0x00007ffe12910000 - 0x00007ffe12921000 	C:\Program Files\Android\Android Studio\jre\bin\verify.dll
0x00007ffe1ea80000 - 0x00007ffe1ec74000 	C:\Windows\SYSTEM32\DBGHELP.DLL
0x00007ffe0fe30000 - 0x00007ffe0fe5a000 	C:\Windows\SYSTEM32\dbgcore.DLL
0x00007ffe0c0e0000 - 0x00007ffe0c109000 	C:\Program Files\Android\Android Studio\jre\bin\java.dll
0x00007ffe1a430000 - 0x00007ffe1a43b000 	C:\Program Files\Android\Android Studio\jre\bin\jimage.dll
0x00007ffe120d0000 - 0x00007ffe120e8000 	C:\Program Files\Android\Android Studio\jre\bin\zip.dll
0x00007ffe21700000 - 0x00007ffe21de8000 	C:\Windows\System32\SHELL32.dll
0x00007ffe22490000 - 0x00007ffe22537000 	C:\Windows\System32\shcore.dll
0x00007ffe202e0000 - 0x00007ffe20a5b000 	C:\Windows\System32\windows.storage.dll
0x00007ffe201c0000 - 0x00007ffe201de000 	C:\Windows\System32\profapi.dll
0x00007ffe201e0000 - 0x00007ffe2022a000 	C:\Windows\System32\powrprof.dll
0x00007ffe20170000 - 0x00007ffe20180000 	C:\Windows\System32\UMPDC.dll
0x00007ffe22550000 - 0x00007ffe225a2000 	C:\Windows\System32\shlwapi.dll
0x00007ffe20e40000 - 0x00007ffe20e57000 	C:\Windows\System32\cryptsp.dll
0x00007ffe0f540000 - 0x00007ffe0f55a000 	C:\Program Files\Android\Android Studio\jre\bin\net.dll
0x00007ffe11aa0000 - 0x00007ffe11b9a000 	C:\Windows\SYSTEM32\WINHTTP.dll
0x00007ffe1f9b0000 - 0x00007ffe1fa17000 	C:\Windows\system32\mswsock.dll
0x00007ffe0c0c0000 - 0x00007ffe0c0d4000 	C:\Program Files\Android\Android Studio\jre\bin\nio.dll
0x00007ffe017d0000 - 0x00007ffe017f7000 	C:\Users\harsh\AndroidStudioProjects\FirstMultiScreen2\native\f6784746aeab05261644944871eae4fe03e0ef1612fff0a4a95f87b438bc6780\windows-amd64\native-platform.dll
0x00007ffe12900000 - 0x00007ffe1290a000 	C:\Program Files\Android\Android Studio\jre\bin\management.dll
0x00007ffe10eb0000 - 0x00007ffe10ebc000 	C:\Program Files\Android\Android Studio\jre\bin\management_ext.dll
0x00007ffe1f530000 - 0x00007ffe1f563000 	C:\Windows\system32\rsaenh.dll
0x00007ffe20a60000 - 0x00007ffe20a86000 	C:\Windows\System32\bcrypt.dll
0x00007ffe20090000 - 0x00007ffe200b5000 	C:\Windows\SYSTEM32\USERENV.dll
0x00007ffe1fb80000 - 0x00007ffe1fb8c000 	C:\Windows\SYSTEM32\CRYPTBASE.dll
0x00007ffe1f6c0000 - 0x00007ffe1f6fa000 	C:\Windows\SYSTEM32\IPHLPAPI.DLL
0x00007ffe22770000 - 0x00007ffe22778000 	C:\Windows\System32\NSI.dll
0x00007ffe179d0000 - 0x00007ffe179e6000 	C:\Windows\SYSTEM32\dhcpcsvc6.DLL
0x00007ffe186d0000 - 0x00007ffe186ec000 	C:\Windows\SYSTEM32\dhcpcsvc.DLL
0x00007ffe1f700000 - 0x00007ffe1f7cb000 	C:\Windows\SYSTEM32\DNSAPI.dll
0x00007ffe18850000 - 0x00007ffe1885b000 	C:\Windows\SYSTEM32\WINNSI.DLL

dbghelp: loaded successfully - version: 4.0.5 - missing functions: none
symbol engine: initialized successfully - sym options: 0x614 - pdb path: .;C:\Program Files\Android\Android Studio\jre\bin;C:\Windows\SYSTEM32;C:\Windows\WinSxS\amd64_microsoft.windows.common-controls_6595b64144ccf1df_6.0.18362.1440_none_9e7dbfb9e45e8e67;C:\Program Files\Android\Android Studio\jre\bin\server;C:\Users\harsh\AndroidStudioProjects\FirstMultiScreen2\native\f6784746aeab05261644944871eae4fe03e0ef1612fff0a4a95f87b438bc6780\windows-amd64

VM Arguments:
jvm_args: --add-opens=java.base/java.util=ALL-UNNAMED --add-opens=java.base/java.lang=ALL-UNNAMED --add-opens=java.base/java.lang.invoke=ALL-UNNAMED --add-opens=java.prefs/java.util.prefs=ALL-UNNAMED -Xmx2048m -Dfile.encoding=UTF-8 -Duser.country=US -Duser.language=en -Duser.variant 
java_command: org.gradle.launcher.daemon.bootstrap.GradleDaemon 6.5
java_class_path (initial): C:\Users\harsh\AndroidStudioProjects\FirstMultiScreen2\wrapper\dists\gradle-6.5-bin\6nifqtx7604sqp1q6g8wikw7p\gradle-6.5\lib\gradle-launcher-6.5.jar
Launcher Type: SUN_STANDARD

[Global flags]
     intx CICompilerCount                          = 4                                         {product} {ergonomic}
     uint ConcGCThreads                            = 2                                         {product} {ergonomic}
     uint G1ConcRefinementThreads                  = 8                                         {product} {ergonomic}
   size_t G1HeapRegionSize                         = 1048576                                   {product} {ergonomic}
    uintx GCDrainStackTargetSize                   = 64                                        {product} {ergonomic}
   size_t InitialHeapSize                          = 132120576                                 {product} {ergonomic}
   size_t MarkStackSize                            = 4194304                                   {product} {ergonomic}
   size_t MaxHeapSize                              = 2147483648                                {product} {command line}
   size_t MaxNewSize                               = 1287651328                                {product} {ergonomic}
   size_t MinHeapDeltaBytes                        = 1048576                                   {product} {ergonomic}
    uintx NonNMethodCodeHeapSize                   = 5836300                                {pd product} {ergonomic}
    uintx NonProfiledCodeHeapSize                  = 122910970                              {pd product} {ergonomic}
    uintx ProfiledCodeHeapSize                     = 122910970                              {pd product} {ergonomic}
    uintx ReservedCodeCacheSize                    = 251658240                              {pd product} {ergonomic}
     bool SegmentedCodeCache                       = true                                      {product} {ergonomic}
     bool UseCompressedClassPointers               = true                                 {lp64_product} {ergonomic}
     bool UseCompressedOops                        = true                                 {lp64_product} {ergonomic}
     bool UseG1GC                                  = true                                      {product} {ergonomic}
     bool UseLargePagesIndividualAllocation        = false                                  {pd product} {ergonomic}

Logging:
Log output configuration:
 #0: stdout all=warning uptime,level,tags
 #1: stderr all=off uptime,level,tags

Environment Variables:
PATH=C:\Windows\system32;C:\Windows;C:\Windows\System32\Wbem;C:\Windows\System32\WindowsPowerShell\v1.0\;C:\Windows\System32\OpenSSH\;C:\Program Files (x86)\NVIDIA Corporation\PhysX\Common;C:\Program Files\NVIDIA Corporation\NVIDIA NvDLISR;C:\MinGW\bin;C:\Program Files (x86)\Calibre2\;C:\Users\harsh\AppData\Local\Microsoft\WindowsApps;C:\Program Files\CodeBlocks\MinGW\bin;C:\MinGW\bin;;C:\Users\harsh\AppData\Local\Programs\Microsoft VS Code\bin
USERNAME=harsh
OS=Windows_NT
PROCESSOR_IDENTIFIER=Intel64 Family 6 Model 158 Stepping 10, GenuineIntel



---------------  S Y S T E M  ---------------

OS: Windows 10 , 64 bit Build 18362 (10.0.18362.1350)
OS uptime: 60 days 21:55 hours

CPU:total 8 (initial active 8) (4 cores per cpu, 2 threads per core) family 6 model 158 stepping 10, cmov, cx8, fxsr, mmx, sse, sse2, sse3, ssse3, sse4.1, sse4.2, popcnt, avx, avx2, aes, clmul, erms, 3dnowpref, lzcnt, ht, tsc, tscinvbit, bmi1, bmi2, adx, fma

Memory: 4k page, system-wide physical 8044M (348M free)
TotalPageFile size 32620M (AvailPageFile size 17M)
current process WorkingSet (physical memory assigned to process): 360M, peak: 360M
current process commit charge ("private bytes"): 499M, peak: 525M

vm_info: OpenJDK 64-Bit Server VM (11.0.8+10-b944.6842174) for windows-amd64 JRE (11.0.8+10-b944.6842174), built on Sep 19 2020 01:11:42 by "builder" with MS VC++ 14.0 (VS2015)

END.
